This is pdfTeX, Version 3.14159265-2.6-1.40.20 (TeX Live 2019/Arch Linux) (preloaded format=pdflatex 2020.5.6)  10 MAY 2020 20:15
entering extended mode
 restricted \write18 enabled.
 file:line:error style messages enabled.
 %&-line parsing enabled.
**Rafael_Ito.tex
(./Rafael_Ito.tex
LaTeX2e <2019-10-01> patch level 1
(./fortysecondscv.cls
Document Class: fortysecondscv 2019/12/16 CV class
(/usr/share/texmf-dist/tex/latex/xcolor/xcolor.sty
Package: xcolor 2016/05/11 v2.12 LaTeX color extensions (UK)
 (/usr/share/texmf-dist/tex/latex/graphics-cfg/color.cfg
File: color.cfg 2016/01/02 v1.6 sample color configuration
)
Package xcolor Info: Driver file: pdftex.def on input line 225.
 (/usr/share/texmf-dist/tex/latex/graphics-def/pdftex.def
File: pdftex.def 2018/01/08 v1.0l Graphics/color driver for pdftex
)
Package xcolor Info: Model `cmy' substituted by `cmy0' on input line 1348.
Package xcolor Info: Model `hsb' substituted by `rgb' on input line 1352.
Package xcolor Info: Model `RGB' extended on input line 1364.
Package xcolor Info: Model `HTML' substituted by `rgb' on input line 1366.
Package xcolor Info: Model `Hsb' substituted by `hsb' on input line 1367.
Package xcolor Info: Model `tHsb' substituted by `hsb' on input line 1368.
Package xcolor Info: Model `HSB' substituted by `hsb' on input line 1369.
Package xcolor Info: Model `Gray' substituted by `gray' on input line 1370.
Package xcolor Info: Model `wave' substituted by `hsb' on input line 1371.
 (/usr/share/texmf-dist/tex/latex/graphics/dvipsnam.def
File: dvipsnam.def 2016/06/17 v3.0m Driver-dependent file (DPC,SPQR)
) (/usr/share/texmf-dist/tex/latex/xcolor/svgnam.def
File: svgnam.def 2016/05/11 v2.12 Predefined colors according to SVG 1.1 (UK)
) (/usr/share/texmf-dist/tex/latex/xcolor/x11nam.def
File: x11nam.def 2016/05/11 v2.12 Predefined colors according to Unix/X11 (UK)
)) (/usr/share/texmf-dist/tex/latex/textpos/textpos.sty
Package: textpos 2019/04/15 v1.9.1

Package: textpos 2019/04/15 1.9.1, absolute positioning of text on the page
(/usr/share/texmf-dist/tex/latex/ms/everyshi.sty
Package: everyshi 2001/05/15 v3.00 EveryShipout Package (MS)
) (/usr/share/texmf-dist/tex/latex/graphics/keyval.sty
Package: keyval 2014/10/28 v1.15 key=value parser (DPC)
\KV@toks@=\toks14
)
\TP@textbox=\box27
\TP@holdbox=\box28
\TPHorizModule=\dimen102
\TPVertModule=\dimen103
\TP@margin=\dimen104
\TP@absmargin=\dimen105

Grid set 16 x 16 = 0.0pt x 0.0pt
\TPboxrulesize=\dimen106
\TP@ox=\dimen107
\TP@oy=\dimen108
\TP@tbargs=\toks15
\TP@prevdepth=\dimen109
TextBlockOrigin set to 0pt x 0pt
) (/usr/share/texmf-dist/tex/latex/xkeyval/xkeyval.sty
Package: xkeyval 2014/12/03 v2.7a package option processing (HA)
 (/usr/share/texmf-dist/tex/generic/xkeyval/xkeyval.tex (/usr/share/texmf-dist/tex/generic/xkeyval/xkvutils.tex
\XKV@toks=\toks16
\XKV@tempa@toks=\toks17
)
\XKV@depth=\count80
File: xkeyval.tex 2014/12/03 v2.7a key=value parser (HA)
)) (/usr/share/texmf-dist/tex/latex/etoolbox/etoolbox.sty
Package: etoolbox 2019/09/21 v2.5h e-TeX tools for LaTeX (JAW)
\etb@tempcnta=\count81
) (/usr/share/texmf-dist/tex/latex/tools/calc.sty
Package: calc 2017/05/25 v4.3 Infix arithmetic (KKT,FJ)
\calc@Acount=\count82
\calc@Bcount=\count83
\calc@Adimen=\dimen110
\calc@Bdimen=\dimen111
\calc@Askip=\skip41
\calc@Bskip=\skip42
LaTeX Info: Redefining \setlength on input line 80.
LaTeX Info: Redefining \addtolength on input line 81.
\calc@Ccount=\count84
\calc@Cskip=\skip43
) (/usr/share/texmf-dist/tex/latex/geometry/geometry.sty
Package: geometry 2018/04/16 v5.8 Page Geometry
 (/usr/share/texmf-dist/tex/generic/oberdiek/ifpdf.sty
Package: ifpdf 2018/09/07 v3.3 Provides the ifpdf switch
) (/usr/share/texmf-dist/tex/generic/oberdiek/ifvtex.sty
Package: ifvtex 2016/05/16 v1.6 Detect VTeX and its facilities (HO)
Package ifvtex Info: VTeX not detected.
) (/usr/share/texmf-dist/tex/generic/ifxetex/ifxetex.sty
Package: ifxetex 2010/09/12 v0.6 Provides ifxetex conditional
)
\Gm@cnth=\count85
\Gm@cntv=\count86
\c@Gm@tempcnt=\count87
\Gm@bindingoffset=\dimen112
\Gm@wd@mp=\dimen113
\Gm@odd@mp=\dimen114
\Gm@even@mp=\dimen115
\Gm@layoutwidth=\dimen116
\Gm@layoutheight=\dimen117
\Gm@layouthoffset=\dimen118
\Gm@layoutvoffset=\dimen119
\Gm@dimlist=\toks18
)
\sidebarwidth=\skip44
\topbottommargin=\skip45
\leftrightmargin=\skip46
\sidebartextwidth=\skip47
\profilepicsize=\skip48
\profilepicborderwidth=\skip49
\profilepicxshift=\skip50
\profilepicyshift=\skip51
\profilepicrounding=\skip52
 (/usr/share/texmf-dist/tex/latex/base/article.cls
Document Class: article 2019/08/27 v1.4j Standard LaTeX document class
(/usr/share/texmf-dist/tex/latex/base/size10.clo
File: size10.clo 2019/08/27 v1.4j Standard LaTeX file (size option)
)
\c@part=\count88
\c@section=\count89
\c@subsection=\count90
\c@subsubsection=\count91
\c@paragraph=\count92
\c@subparagraph=\count93
\c@figure=\count94
\c@table=\count95
\abovecaptionskip=\skip53
\belowcaptionskip=\skip54
\bibindent=\dimen120
) (/usr/local/share/texmf/tex/latex/clearsans/ClearSans.sty
Package: ClearSans 2019/10/16 (Bob Tennent) Supports Clear-Sans fonts for all LaTeX engines.
 (/usr/share/texmf-dist/tex/generic/oberdiek/ifluatex.sty
Package: ifluatex 2016/05/16 v1.4 Provides the ifluatex switch (HO)
Package ifluatex Info: LuaTeX not detected.
) (/usr/share/texmf-dist/tex/latex/base/textcomp.sty
Package: textcomp 2018/08/11 v2.0j Standard LaTeX package
Package textcomp Info: Sub-encoding information:
(textcomp)               5 = only ISO-Adobe without \textcurrency
(textcomp)               4 = 5 + \texteuro
(textcomp)               3 = 4 + \textohm
(textcomp)               2 = 3 + \textestimated + \textcurrency
(textcomp)               1 = TS1 - \textcircled - \t
(textcomp)               0 = TS1 (full)
(textcomp)             Font families with sub-encoding setting implement
(textcomp)             only a restricted character set as indicated.
(textcomp)             Family '?' is the default used for unknown fonts.
(textcomp)             See the documentation for details.
Package textcomp Info: Setting ? sub-encoding to TS1/1 on input line 79.
 (/usr/share/texmf-dist/tex/latex/base/ts1enc.def
File: ts1enc.def 2001/06/05 v3.0e (jk/car/fm) Standard LaTeX file
Now handling font encoding TS1 ...
... processing UTF-8 mapping file for font encoding TS1
 (/usr/share/texmf-dist/tex/latex/base/ts1enc.dfu
File: ts1enc.dfu 2019/07/11 v1.2j UTF-8 support for inputenc
   defining Unicode char U+00A2 (decimal 162)
   defining Unicode char U+00A3 (decimal 163)
   defining Unicode char U+00A4 (decimal 164)
   defining Unicode char U+00A5 (decimal 165)
   defining Unicode char U+00A6 (decimal 166)
   defining Unicode char U+00A7 (decimal 167)
   defining Unicode char U+00A8 (decimal 168)
   defining Unicode char U+00A9 (decimal 169)
   defining Unicode char U+00AA (decimal 170)
   defining Unicode char U+00AC (decimal 172)
   defining Unicode char U+00AE (decimal 174)
   defining Unicode char U+00AF (decimal 175)
   defining Unicode char U+00B0 (decimal 176)
   defining Unicode char U+00B1 (decimal 177)
   defining Unicode char U+00B2 (decimal 178)
   defining Unicode char U+00B3 (decimal 179)
   defining Unicode char U+00B4 (decimal 180)
   defining Unicode char U+00B5 (decimal 181)
   defining Unicode char U+00B6 (decimal 182)
   defining Unicode char U+00B7 (decimal 183)
   defining Unicode char U+00B9 (decimal 185)
   defining Unicode char U+00BA (decimal 186)
   defining Unicode char U+00BC (decimal 188)
   defining Unicode char U+00BD (decimal 189)
   defining Unicode char U+00BE (decimal 190)
   defining Unicode char U+00D7 (decimal 215)
   defining Unicode char U+00F7 (decimal 247)
   defining Unicode char U+0192 (decimal 402)
   defining Unicode char U+02C7 (decimal 711)
   defining Unicode char U+02D8 (decimal 728)
   defining Unicode char U+02DD (decimal 733)
   defining Unicode char U+0E3F (decimal 3647)
   defining Unicode char U+2016 (decimal 8214)
   defining Unicode char U+2020 (decimal 8224)
   defining Unicode char U+2021 (decimal 8225)
   defining Unicode char U+2022 (decimal 8226)
   defining Unicode char U+2030 (decimal 8240)
   defining Unicode char U+2031 (decimal 8241)
   defining Unicode char U+203B (decimal 8251)
   defining Unicode char U+203D (decimal 8253)
   defining Unicode char U+2044 (decimal 8260)
   defining Unicode char U+204E (decimal 8270)
   defining Unicode char U+2052 (decimal 8274)
   defining Unicode char U+20A1 (decimal 8353)
   defining Unicode char U+20A4 (decimal 8356)
   defining Unicode char U+20A6 (decimal 8358)
   defining Unicode char U+20A9 (decimal 8361)
   defining Unicode char U+20AB (decimal 8363)
   defining Unicode char U+20AC (decimal 8364)
   defining Unicode char U+20B1 (decimal 8369)
   defining Unicode char U+2103 (decimal 8451)
   defining Unicode char U+2116 (decimal 8470)
   defining Unicode char U+2117 (decimal 8471)
   defining Unicode char U+211E (decimal 8478)
   defining Unicode char U+2120 (decimal 8480)
   defining Unicode char U+2122 (decimal 8482)
   defining Unicode char U+2126 (decimal 8486)
   defining Unicode char U+2127 (decimal 8487)
   defining Unicode char U+212E (decimal 8494)
   defining Unicode char U+2190 (decimal 8592)
   defining Unicode char U+2191 (decimal 8593)
   defining Unicode char U+2192 (decimal 8594)
   defining Unicode char U+2193 (decimal 8595)
   defining Unicode char U+2329 (decimal 9001)
   defining Unicode char U+232A (decimal 9002)
   defining Unicode char U+2422 (decimal 9250)
   defining Unicode char U+25E6 (decimal 9702)
   defining Unicode char U+25EF (decimal 9711)
   defining Unicode char U+266A (decimal 9834)
   defining Unicode char U+27E8 (decimal 10216)
   defining Unicode char U+27E9 (decimal 10217)
   defining Unicode char U+FEFF (decimal 65279)
))
LaTeX Info: Redefining \oldstylenums on input line 334.
Package textcomp Info: Setting cmr sub-encoding to TS1/0 on input line 349.
Package textcomp Info: Setting cmss sub-encoding to TS1/0 on input line 350.
Package textcomp Info: Setting cmtt sub-encoding to TS1/0 on input line 351.
Package textcomp Info: Setting cmvtt sub-encoding to TS1/0 on input line 352.
Package textcomp Info: Setting cmbr sub-encoding to TS1/0 on input line 353.
Package textcomp Info: Setting cmtl sub-encoding to TS1/0 on input line 354.
Package textcomp Info: Setting ccr sub-encoding to TS1/0 on input line 355.
Package textcomp Info: Setting ptm sub-encoding to TS1/4 on input line 356.
Package textcomp Info: Setting pcr sub-encoding to TS1/4 on input line 357.
Package textcomp Info: Setting phv sub-encoding to TS1/4 on input line 358.
Package textcomp Info: Setting ppl sub-encoding to TS1/3 on input line 359.
Package textcomp Info: Setting pag sub-encoding to TS1/4 on input line 360.
Package textcomp Info: Setting pbk sub-encoding to TS1/4 on input line 361.
Package textcomp Info: Setting pnc sub-encoding to TS1/4 on input line 362.
Package textcomp Info: Setting pzc sub-encoding to TS1/4 on input line 363.
Package textcomp Info: Setting bch sub-encoding to TS1/4 on input line 364.
Package textcomp Info: Setting put sub-encoding to TS1/5 on input line 365.
Package textcomp Info: Setting uag sub-encoding to TS1/5 on input line 366.
Package textcomp Info: Setting ugq sub-encoding to TS1/5 on input line 367.
Package textcomp Info: Setting ul8 sub-encoding to TS1/4 on input line 368.
Package textcomp Info: Setting ul9 sub-encoding to TS1/4 on input line 369.
Package textcomp Info: Setting augie sub-encoding to TS1/5 on input line 370.
Package textcomp Info: Setting dayrom sub-encoding to TS1/3 on input line 371.
Package textcomp Info: Setting dayroms sub-encoding to TS1/3 on input line 372.
Package textcomp Info: Setting pxr sub-encoding to TS1/0 on input line 373.
Package textcomp Info: Setting pxss sub-encoding to TS1/0 on input line 374.
Package textcomp Info: Setting pxtt sub-encoding to TS1/0 on input line 375.
Package textcomp Info: Setting txr sub-encoding to TS1/0 on input line 376.
Package textcomp Info: Setting txss sub-encoding to TS1/0 on input line 377.
Package textcomp Info: Setting txtt sub-encoding to TS1/0 on input line 378.
Package textcomp Info: Setting lmr sub-encoding to TS1/0 on input line 379.
Package textcomp Info: Setting lmdh sub-encoding to TS1/0 on input line 380.
Package textcomp Info: Setting lmss sub-encoding to TS1/0 on input line 381.
Package textcomp Info: Setting lmssq sub-encoding to TS1/0 on input line 382.
Package textcomp Info: Setting lmvtt sub-encoding to TS1/0 on input line 383.
Package textcomp Info: Setting lmtt sub-encoding to TS1/0 on input line 384.
Package textcomp Info: Setting qhv sub-encoding to TS1/0 on input line 385.
Package textcomp Info: Setting qag sub-encoding to TS1/0 on input line 386.
Package textcomp Info: Setting qbk sub-encoding to TS1/0 on input line 387.
Package textcomp Info: Setting qcr sub-encoding to TS1/0 on input line 388.
Package textcomp Info: Setting qcs sub-encoding to TS1/0 on input line 389.
Package textcomp Info: Setting qpl sub-encoding to TS1/0 on input line 390.
Package textcomp Info: Setting qtm sub-encoding to TS1/0 on input line 391.
Package textcomp Info: Setting qzc sub-encoding to TS1/0 on input line 392.
Package textcomp Info: Setting qhvc sub-encoding to TS1/0 on input line 393.
Package textcomp Info: Setting futs sub-encoding to TS1/4 on input line 394.
Package textcomp Info: Setting futx sub-encoding to TS1/4 on input line 395.
Package textcomp Info: Setting futj sub-encoding to TS1/4 on input line 396.
Package textcomp Info: Setting hlh sub-encoding to TS1/3 on input line 397.
Package textcomp Info: Setting hls sub-encoding to TS1/3 on input line 398.
Package textcomp Info: Setting hlst sub-encoding to TS1/3 on input line 399.
Package textcomp Info: Setting hlct sub-encoding to TS1/5 on input line 400.
Package textcomp Info: Setting hlx sub-encoding to TS1/5 on input line 401.
Package textcomp Info: Setting hlce sub-encoding to TS1/5 on input line 402.
Package textcomp Info: Setting hlcn sub-encoding to TS1/5 on input line 403.
Package textcomp Info: Setting hlcw sub-encoding to TS1/5 on input line 404.
Package textcomp Info: Setting hlcf sub-encoding to TS1/5 on input line 405.
Package textcomp Info: Setting pplx sub-encoding to TS1/3 on input line 406.
Package textcomp Info: Setting pplj sub-encoding to TS1/3 on input line 407.
Package textcomp Info: Setting ptmx sub-encoding to TS1/4 on input line 408.
Package textcomp Info: Setting ptmj sub-encoding to TS1/4 on input line 409.
) (/usr/share/texmf-dist/tex/latex/base/fontenc.sty
Package: fontenc 2018/08/11 v2.0j Standard LaTeX package
) (/usr/share/texmf-dist/tex/latex/fontaxes/fontaxes.sty
Package: fontaxes 2014/03/23 v1.0d Font selection axes
LaTeX Info: Redefining \upshape on input line 29.
LaTeX Info: Redefining \itshape on input line 31.
LaTeX Info: Redefining \slshape on input line 33.
LaTeX Info: Redefining \scshape on input line 37.
) (/usr/local/share/texmf/tex/latex/mweights/mweights.sty
Package: mweights 2017/03/30 (Bob Tennent) Support package for multiple-weight font packages. 
LaTeX Info: Redefining \bfseries on input line 22.
LaTeX Info: Redefining \mdseries on input line 30.
LaTeX Info: Redefining \rmfamily on input line 38.
LaTeX Info: Redefining \sffamily on input line 66.
LaTeX Info: Redefining \ttfamily on input line 94.
)) (/usr/share/texmf-dist/tex/latex/eso-pic/eso-pic.sty
Package: eso-pic 2018/04/12 v2.0h eso-pic (RN)
 (/usr/share/texmf-dist/tex/generic/oberdiek/atbegshi.sty
Package: atbegshi 2016/06/09 v1.18 At begin shipout hook (HO)
 (/usr/share/texmf-dist/tex/generic/oberdiek/infwarerr.sty
Package: infwarerr 2016/05/16 v1.4 Providing info/warning/error messages (HO)
) (/usr/share/texmf-dist/tex/generic/oberdiek/ltxcmds.sty
Package: ltxcmds 2016/05/16 v1.23 LaTeX kernel commands for general use (HO)
))) (/usr/share/texmf-dist/tex/latex/titlesec/titlesec.sty
Package: titlesec 2019/10/16 v2.13 Sectioning titles
\ttl@box=\box29
\beforetitleunit=\skip55
\aftertitleunit=\skip56
\ttl@plus=\dimen121
\ttl@minus=\dimen122
\ttl@toksa=\toks19
\titlewidth=\dimen123
\titlewidthlast=\dimen124
\titlewidthfirst=\dimen125
) (/usr/share/texmf-dist/tex/latex/graphbox/graphbox.sty
Package: graphbox 2018/01/17 v1.1 extension for graphicx to adjust containing box
 (/usr/share/texmf-dist/tex/latex/graphics/graphicx.sty
Package: graphicx 2017/06/01 v1.1a Enhanced LaTeX Graphics (DPC,SPQR)
 (/usr/share/texmf-dist/tex/latex/graphics/graphics.sty
Package: graphics 2019/10/08 v1.3c Standard LaTeX Graphics (DPC,SPQR)
 (/usr/share/texmf-dist/tex/latex/graphics/trig.sty
Package: trig 2016/01/03 v1.10 sin cos tan (DPC)
) (/usr/share/texmf-dist/tex/latex/graphics-cfg/graphics.cfg
File: graphics.cfg 2016/06/04 v1.11 sample graphics configuration
)
Package graphics Info: Driver file: pdftex.def on input line 105.
)
\Gin@req@height=\dimen126
\Gin@req@width=\dimen127
)
\Gin@box@box=\box30
\Gin@box@width=\skip57
\Gin@box@height=\skip58
\Gin@box@raise=\skip59
\Gin@box@hspace=\skip60
\Gin@box@bwidth=\skip61
\Gin@box@bheight=\skip62
) (/usr/share/texmf-dist/tex/latex/tools/tabularx.sty
Package: tabularx 2016/02/03 v2.11b `tabularx' package (DPC)
 (/usr/share/texmf-dist/tex/latex/tools/array.sty
Package: array 2019/08/31 v2.4l Tabular extension package (FMi)
\col@sep=\dimen128
\ar@mcellbox=\box31
\extrarowheight=\dimen129
\NC@list=\toks20
\extratabsurround=\skip63
\backup@length=\skip64
\ar@cellbox=\box32
)
\TX@col@width=\dimen130
\TX@old@table=\dimen131
\TX@old@col=\dimen132
\TX@target=\dimen133
\TX@delta=\dimen134
\TX@cols=\count96
\TX@ftn=\toks21
) (/usr/local/share/texmf/tex/latex/fontawesome/fontawesome.sty
Package: fontawesome 2016/05/15 v4.6.3.1 font awesome icons
 (/usr/local/share/texmf/tex/latex/fontawesome/fontawesomesymbols-generic.tex) (/usr/local/share/texmf/tex/latex/fontawesome/fontawesomesymbols-pdftex.tex)) (/usr/share/texmf-dist/tex/latex/pgf/frontendlayer/tikz.sty (/usr/share/texmf-dist/tex/latex/pgf/basiclayer/pgf.sty (/usr/share/texmf-dist/tex/latex/pgf/utilities/pgfrcs.sty (/usr/share/texmf-dist/tex/generic/pgf/utilities/pgfutil-common.tex
\pgfutil@everybye=\toks22
\pgfutil@tempdima=\dimen135
\pgfutil@tempdimb=\dimen136
 (/usr/share/texmf-dist/tex/generic/pgf/utilities/pgfutil-common-lists.tex)) (/usr/share/texmf-dist/tex/generic/pgf/utilities/pgfutil-latex.def
\pgfutil@abb=\box33
) (/usr/share/texmf-dist/tex/generic/pgf/utilities/pgfrcs.code.tex (/usr/share/texmf-dist/tex/generic/pgf/pgf.revision.tex)
Package: pgfrcs 2019/08/03 v3.1.4b (3.1.4b)
))
Package: pgf 2019/08/03 v3.1.4b (3.1.4b)
 (/usr/share/texmf-dist/tex/latex/pgf/basiclayer/pgfcore.sty (/usr/share/texmf-dist/tex/latex/pgf/systemlayer/pgfsys.sty
(/usr/share/texmf-dist/tex/generic/pgf/systemlayer/pgfsys.code.tex
Package: pgfsys 2019/08/03 v3.1.4b (3.1.4b)
 (/usr/share/texmf-dist/tex/generic/pgf/utilities/pgfkeys.code.tex
\pgfkeys@pathtoks=\toks23
\pgfkeys@temptoks=\toks24
 (/usr/share/texmf-dist/tex/generic/pgf/utilities/pgfkeysfiltered.code.tex
\pgfkeys@tmptoks=\toks25
))
\pgf@x=\dimen137
\pgf@y=\dimen138
\pgf@xa=\dimen139
\pgf@ya=\dimen140
\pgf@xb=\dimen141
\pgf@yb=\dimen142
\pgf@xc=\dimen143
\pgf@yc=\dimen144
\pgf@xd=\dimen145
\pgf@yd=\dimen146
\w@pgf@writea=\write3
\r@pgf@reada=\read1
\c@pgf@counta=\count97
\c@pgf@countb=\count98
\c@pgf@countc=\count99
\c@pgf@countd=\count100
\t@pgf@toka=\toks26
\t@pgf@tokb=\toks27
\t@pgf@tokc=\toks28
\pgf@sys@id@count=\count101
 (/usr/share/texmf-dist/tex/generic/pgf/systemlayer/pgf.cfg
File: pgf.cfg 2019/08/03 v3.1.4b (3.1.4b)
)
Driver file for pgf: pgfsys-pdftex.def
 (/usr/share/texmf-dist/tex/generic/pgf/systemlayer/pgfsys-pdftex.def
File: pgfsys-pdftex.def 2019/08/03 v3.1.4b (3.1.4b)
 (/usr/share/texmf-dist/tex/generic/pgf/systemlayer/pgfsys-common-pdf.def
File: pgfsys-common-pdf.def 2019/08/03 v3.1.4b (3.1.4b)
))) (/usr/share/texmf-dist/tex/generic/pgf/systemlayer/pgfsyssoftpath.code.tex
File: pgfsyssoftpath.code.tex 2019/08/03 v3.1.4b (3.1.4b)
\pgfsyssoftpath@smallbuffer@items=\count102
\pgfsyssoftpath@bigbuffer@items=\count103
) (/usr/share/texmf-dist/tex/generic/pgf/systemlayer/pgfsysprotocol.code.tex
File: pgfsysprotocol.code.tex 2019/08/03 v3.1.4b (3.1.4b)
)) (/usr/share/texmf-dist/tex/generic/pgf/basiclayer/pgfcore.code.tex
Package: pgfcore 2019/08/03 v3.1.4b (3.1.4b)
 (/usr/share/texmf-dist/tex/generic/pgf/math/pgfmath.code.tex (/usr/share/texmf-dist/tex/generic/pgf/math/pgfmathcalc.code.tex (/usr/share/texmf-dist/tex/generic/pgf/math/pgfmathutil.code.tex) (/usr/share/texmf-dist/tex/generic/pgf/math/pgfmathparser.code.tex
\pgfmath@dimen=\dimen147
\pgfmath@count=\count104
\pgfmath@box=\box34
\pgfmath@toks=\toks29
\pgfmath@stack@operand=\toks30
\pgfmath@stack@operation=\toks31
) (/usr/share/texmf-dist/tex/generic/pgf/math/pgfmathfunctions.code.tex (/usr/share/texmf-dist/tex/generic/pgf/math/pgfmathfunctions.basic.code.tex) (/usr/share/texmf-dist/tex/generic/pgf/math/pgfmathfunctions.trigonometric.code.tex) (/usr/share/texmf-dist/tex/generic/pgf/math/pgfmathfunctions.random.code.tex) (/usr/share/texmf-dist/tex/generic/pgf/math/pgfmathfunctions.comparison.code.tex) (/usr/share/texmf-dist/tex/generic/pgf/math/pgfmathfunctions.base.code.tex) (/usr/share/texmf-dist/tex/generic/pgf/math/pgfmathfunctions.round.code.tex) (/usr/share/texmf-dist/tex/generic/pgf/math/pgfmathfunctions.misc.code.tex) (/usr/share/texmf-dist/tex/generic/pgf/math/pgfmathfunctions.integerarithmetics.code.tex))) (/usr/share/texmf-dist/tex/generic/pgf/math/pgfmathfloat.code.tex
\c@pgfmathroundto@lastzeros=\count105
)) (/usr/share/texmf-dist/tex/generic/pgf/math/pgfint.code.tex) (/usr/share/texmf-dist/tex/generic/pgf/basiclayer/pgfcorepoints.code.tex
File: pgfcorepoints.code.tex 2019/08/03 v3.1.4b (3.1.4b)
\pgf@picminx=\dimen148
\pgf@picmaxx=\dimen149
\pgf@picminy=\dimen150
\pgf@picmaxy=\dimen151
\pgf@pathminx=\dimen152
\pgf@pathmaxx=\dimen153
\pgf@pathminy=\dimen154
\pgf@pathmaxy=\dimen155
\pgf@xx=\dimen156
\pgf@xy=\dimen157
\pgf@yx=\dimen158
\pgf@yy=\dimen159
\pgf@zx=\dimen160
\pgf@zy=\dimen161
) (/usr/share/texmf-dist/tex/generic/pgf/basiclayer/pgfcorepathconstruct.code.tex
File: pgfcorepathconstruct.code.tex 2019/08/03 v3.1.4b (3.1.4b)
\pgf@path@lastx=\dimen162
\pgf@path@lasty=\dimen163
) (/usr/share/texmf-dist/tex/generic/pgf/basiclayer/pgfcorepathusage.code.tex
File: pgfcorepathusage.code.tex 2019/08/03 v3.1.4b (3.1.4b)
\pgf@shorten@end@additional=\dimen164
\pgf@shorten@start@additional=\dimen165
)
(/usr/share/texmf-dist/tex/generic/pgf/basiclayer/pgfcorescopes.code.tex
File: pgfcorescopes.code.tex 2019/08/03 v3.1.4b (3.1.4b)
\pgfpic=\box35
\pgf@hbox=\box36
\pgf@layerbox@main=\box37
\pgf@picture@serial@count=\count106
) (/usr/share/texmf-dist/tex/generic/pgf/basiclayer/pgfcoregraphicstate.code.tex
File: pgfcoregraphicstate.code.tex 2019/08/03 v3.1.4b (3.1.4b)
\pgflinewidth=\dimen166
) (/usr/share/texmf-dist/tex/generic/pgf/basiclayer/pgfcoretransformations.code.tex
File: pgfcoretransformations.code.tex 2019/08/03 v3.1.4b (3.1.4b)
\pgf@pt@x=\dimen167
\pgf@pt@y=\dimen168
\pgf@pt@temp=\dimen169
) (/usr/share/texmf-dist/tex/generic/pgf/basiclayer/pgfcorequick.code.tex
File: pgfcorequick.code.tex 2019/08/03 v3.1.4b (3.1.4b)
) (/usr/share/texmf-dist/tex/generic/pgf/basiclayer/pgfcoreobjects.code.tex
File: pgfcoreobjects.code.tex 2019/08/03 v3.1.4b (3.1.4b)
) (/usr/share/texmf-dist/tex/generic/pgf/basiclayer/pgfcorepathprocessing.code.tex
File: pgfcorepathprocessing.code.tex 2019/08/03 v3.1.4b (3.1.4b)
) (/usr/share/texmf-dist/tex/generic/pgf/basiclayer/pgfcorearrows.code.tex
File: pgfcorearrows.code.tex 2019/08/03 v3.1.4b (3.1.4b)
\pgfarrowsep=\dimen170
) (/usr/share/texmf-dist/tex/generic/pgf/basiclayer/pgfcoreshade.code.tex
File: pgfcoreshade.code.tex 2019/08/03 v3.1.4b (3.1.4b)
\pgf@max=\dimen171
\pgf@sys@shading@range@num=\count107
\pgf@shadingcount=\count108
) (/usr/share/texmf-dist/tex/generic/pgf/basiclayer/pgfcoreimage.code.tex
File: pgfcoreimage.code.tex 2019/08/03 v3.1.4b (3.1.4b)
 (/usr/share/texmf-dist/tex/generic/pgf/basiclayer/pgfcoreexternal.code.tex
File: pgfcoreexternal.code.tex 2019/08/03 v3.1.4b (3.1.4b)
\pgfexternal@startupbox=\box38
)) (/usr/share/texmf-dist/tex/generic/pgf/basiclayer/pgfcorelayers.code.tex
File: pgfcorelayers.code.tex 2019/08/03 v3.1.4b (3.1.4b)
) (/usr/share/texmf-dist/tex/generic/pgf/basiclayer/pgfcoretransparency.code.tex
File: pgfcoretransparency.code.tex 2019/08/03 v3.1.4b (3.1.4b)
) (/usr/share/texmf-dist/tex/generic/pgf/basiclayer/pgfcorepatterns.code.tex
File: pgfcorepatterns.code.tex 2019/08/03 v3.1.4b (3.1.4b)
) (/usr/share/texmf-dist/tex/generic/pgf/basiclayer/pgfcorerdf.code.tex
File: pgfcorerdf.code.tex 2019/08/03 v3.1.4b (3.1.4b)
))) (/usr/share/texmf-dist/tex/generic/pgf/modules/pgfmoduleshapes.code.tex
File: pgfmoduleshapes.code.tex 2019/08/03 v3.1.4b (3.1.4b)
\pgfnodeparttextbox=\box39
) (/usr/share/texmf-dist/tex/generic/pgf/modules/pgfmoduleplot.code.tex
File: pgfmoduleplot.code.tex 2019/08/03 v3.1.4b (3.1.4b)
) (/usr/share/texmf-dist/tex/latex/pgf/compatibility/pgfcomp-version-0-65.sty
Package: pgfcomp-version-0-65 2019/08/03 v3.1.4b (3.1.4b)
\pgf@nodesepstart=\dimen172
\pgf@nodesepend=\dimen173
) (/usr/share/texmf-dist/tex/latex/pgf/compatibility/pgfcomp-version-1-18.sty
Package: pgfcomp-version-1-18 2019/08/03 v3.1.4b (3.1.4b)
)) (/usr/share/texmf-dist/tex/latex/pgf/utilities/pgffor.sty (/usr/share/texmf-dist/tex/latex/pgf/utilities/pgfkeys.sty (/usr/share/texmf-dist/tex/generic/pgf/utilities/pgfkeys.code.tex)) (/usr/share/texmf-dist/tex/latex/pgf/math/pgfmath.sty (/usr/share/texmf-dist/tex/generic/pgf/math/pgfmath.code.tex)) (/usr/share/texmf-dist/tex/generic/pgf/utilities/pgffor.code.tex
Package: pgffor 2019/08/03 v3.1.4b (3.1.4b)
 (/usr/share/texmf-dist/tex/generic/pgf/math/pgfmath.code.tex)
\pgffor@iter=\dimen174
\pgffor@skip=\dimen175
\pgffor@stack=\toks32
\pgffor@toks=\toks33
)) (/usr/share/texmf-dist/tex/generic/pgf/frontendlayer/tikz/tikz.code.tex
Package: tikz 2019/08/03 v3.1.4b (3.1.4b)
 (/usr/share/texmf-dist/tex/generic/pgf/libraries/pgflibraryplothandlers.code.tex
File: pgflibraryplothandlers.code.tex 2019/08/03 v3.1.4b (3.1.4b)
\pgf@plot@mark@count=\count109
\pgfplotmarksize=\dimen176
)
\tikz@lastx=\dimen177
\tikz@lasty=\dimen178
\tikz@lastxsaved=\dimen179
\tikz@lastysaved=\dimen180
\tikz@lastmovetox=\dimen181
\tikz@lastmovetoy=\dimen182
\tikzleveldistance=\dimen183
\tikzsiblingdistance=\dimen184
\tikz@figbox=\box40
\tikz@figbox@bg=\box41
\tikz@tempbox=\box42
\tikz@tempbox@bg=\box43
\tikztreelevel=\count110
\tikznumberofchildren=\count111
\tikznumberofcurrentchild=\count112
\tikz@fig@count=\count113

(/usr/share/texmf-dist/tex/generic/pgf/modules/pgfmodulematrix.code.tex
File: pgfmodulematrix.code.tex 2019/08/03 v3.1.4b (3.1.4b)
\pgfmatrixcurrentrow=\count114
\pgfmatrixcurrentcolumn=\count115
\pgf@matrix@numberofcolumns=\count116
)
\tikz@expandcount=\count117
 (/usr/share/texmf-dist/tex/generic/pgf/frontendlayer/tikz/libraries/tikzlibrarytopaths.code.tex
File: tikzlibrarytopaths.code.tex 2019/08/03 v3.1.4b (3.1.4b)
))) (/usr/share/texmf-dist/tex/generic/pgf/frontendlayer/tikz/libraries/tikzlibraryarrows.code.tex
File: tikzlibraryarrows.code.tex 2019/08/03 v3.1.4b (3.1.4b)
 (/usr/share/texmf-dist/tex/generic/pgf/libraries/pgflibraryarrows.code.tex
File: pgflibraryarrows.code.tex 2019/08/03 v3.1.4b (3.1.4b)
\arrowsize=\dimen185
)) (/usr/share/texmf-dist/tex/generic/pgf/frontendlayer/tikz/libraries/tikzlibrarybackgrounds.code.tex
File: tikzlibrarybackgrounds.code.tex 2019/08/03 v3.1.4b (3.1.4b)
\pgf@layerbox@background=\box44
\pgf@layerboxsaved@background=\box45
) (/usr/share/texmf-dist/tex/latex/xhfill/xhfill.sty (/usr/share/texmf-dist/tex/latex/tools/xspace.sty
Package: xspace 2014/10/28 v1.13 Space after command names (DPC,MH)
)
Package: xhfill 2011/05/14\ v 1.01\ modify width and color of hrulefill
) (/usr/share/texmf-dist/tex/latex/base/ifthen.sty
Package: ifthen 2014/09/29 v1.1c Standard LaTeX ifthen package (DPC)
) (/usr/share/texmf-dist/tex/latex/l3packages/xparse/xparse.sty (/usr/share/texmf-dist/tex/latex/l3kernel/expl3.sty
Package: expl3 2019-10-28 L3 programming layer (loader) 
 (/usr/share/texmf-dist/tex/latex/l3kernel/expl3-code.tex
Package: expl3 2019-10-28 L3 programming layer (code)
\c_max_int=\count118
\l_tmpa_int=\count119
\l_tmpb_int=\count120
\g_tmpa_int=\count121
\g_tmpb_int=\count122
\l__seq_internal_a_int=\count123
\l__seq_internal_b_int=\count124
\g__kernel_prg_map_int=\count125
\c__ior_term_noprompt_ior=\count126
\c_log_iow=\count127
\l_iow_line_count_int=\count128
\l__iow_line_target_int=\count129
\l__iow_one_indent_int=\count130
\l__iow_indent_int=\count131
\c_zero_dim=\dimen186
\c_max_dim=\dimen187
\l_tmpa_dim=\dimen188
\l_tmpb_dim=\dimen189
\g_tmpa_dim=\dimen190
\g_tmpb_dim=\dimen191
\c_zero_skip=\skip65
\c_max_skip=\skip66
\l_tmpa_skip=\skip67
\l_tmpb_skip=\skip68
\g_tmpa_skip=\skip69
\g_tmpb_skip=\skip70
\c_zero_muskip=\muskip10
\c_max_muskip=\muskip11
\l_tmpa_muskip=\muskip12
\l_tmpb_muskip=\muskip13
\g_tmpa_muskip=\muskip14
\g_tmpb_muskip=\muskip15
\l_keys_choice_int=\count132
\l__intarray_loop_int=\count133
\c__intarray_sp_dim=\dimen192
\g__intarray_font_int=\count134
\c__fp_leading_shift_int=\count135
\c__fp_middle_shift_int=\count136
\c__fp_trailing_shift_int=\count137
\c__fp_big_leading_shift_int=\count138
\c__fp_big_middle_shift_int=\count139
\c__fp_big_trailing_shift_int=\count140
\c__fp_Bigg_leading_shift_int=\count141
\c__fp_Bigg_middle_shift_int=\count142
\c__fp_Bigg_trailing_shift_int=\count143
\c__kernel_randint_max_int=\count144
\g__fp_array_int=\count145
\l__fp_array_loop_int=\count146
\l__sort_length_int=\count147
\l__sort_min_int=\count148
\l__sort_top_int=\count149
\l__sort_max_int=\count150
\l__sort_true_max_int=\count151
\l__sort_block_int=\count152
\l__sort_begin_int=\count153
\l__sort_end_int=\count154
\l__sort_A_int=\count155
\l__sort_B_int=\count156
\l__sort_C_int=\count157
\l__str_internal_int=\count158
\c__str_replacement_char_int=\count159
\l__tl_analysis_normal_int=\count160
\l__tl_analysis_index_int=\count161
\l__tl_analysis_nesting_int=\count162
\l__tl_analysis_type_int=\count163
\l__regex_internal_a_int=\count164
\l__regex_internal_b_int=\count165
\l__regex_internal_c_int=\count166
\l__regex_balance_int=\count167
\l__regex_group_level_int=\count168
\l__regex_mode_int=\count169
\c__regex_cs_in_class_mode_int=\count170
\c__regex_cs_mode_int=\count171
\l__regex_catcodes_int=\count172
\l__regex_default_catcodes_int=\count173
\c__regex_catcode_D_int=\count174
\c__regex_catcode_S_int=\count175
\c__regex_catcode_L_int=\count176
\c__regex_catcode_O_int=\count177
\c__regex_catcode_A_int=\count178
\c__regex_all_catcodes_int=\count179
\l__regex_show_lines_int=\count180
\l__regex_min_state_int=\count181
\l__regex_max_state_int=\count182
\l__regex_left_state_int=\count183
\l__regex_right_state_int=\count184
\l__regex_capturing_group_int=\count185
\l__regex_min_pos_int=\count186
\l__regex_max_pos_int=\count187
\l__regex_curr_pos_int=\count188
\l__regex_start_pos_int=\count189
\l__regex_success_pos_int=\count190
\l__regex_curr_char_int=\count191
\l__regex_curr_catcode_int=\count192
\l__regex_last_char_int=\count193
\l__regex_case_changed_char_int=\count194
\l__regex_curr_state_int=\count195
\l__regex_step_int=\count196
\l__regex_min_active_int=\count197
\l__regex_max_active_int=\count198
\l__regex_replacement_csnames_int=\count199
\l__regex_match_count_int=\count266
\l__regex_min_submatch_int=\count267
\l__regex_submatch_int=\count268
\l__regex_zeroth_submatch_int=\count269
\g__regex_trace_regex_int=\count270
\c_empty_box=\box46
\l_tmpa_box=\box47
\l_tmpb_box=\box48
\g_tmpa_box=\box49
\g_tmpb_box=\box50
\l__box_top_dim=\dimen193
\l__box_bottom_dim=\dimen194
\l__box_left_dim=\dimen195
\l__box_right_dim=\dimen196
\l__box_top_new_dim=\dimen197
\l__box_bottom_new_dim=\dimen198
\l__box_left_new_dim=\dimen199
\l__box_right_new_dim=\dimen256
\l__box_internal_box=\box51
\l__coffin_internal_box=\box52
\l__coffin_internal_dim=\dimen257
\l__coffin_offset_x_dim=\dimen258
\l__coffin_offset_y_dim=\dimen259
\l__coffin_x_dim=\dimen260
\l__coffin_y_dim=\dimen261
\l__coffin_x_prime_dim=\dimen262
\l__coffin_y_prime_dim=\dimen263
\c_empty_coffin=\box53
\l__coffin_aligned_coffin=\box54
\l__coffin_aligned_internal_coffin=\box55
\l_tmpa_coffin=\box56
\l_tmpb_coffin=\box57
\g_tmpa_coffin=\box58
\g_tmpb_coffin=\box59
\l__coffin_bounding_shift_dim=\dimen264
\l__coffin_left_corner_dim=\dimen265
\l__coffin_right_corner_dim=\dimen266
\l__coffin_bottom_corner_dim=\dimen267
\l__coffin_top_corner_dim=\dimen268
\l__coffin_scaled_total_height_dim=\dimen269
\l__coffin_scaled_width_dim=\dimen270
\c__coffin_empty_coffin=\box60
\l__coffin_display_coffin=\box61
\l__coffin_display_coord_coffin=\box62
\l__coffin_display_pole_coffin=\box63
\l__coffin_display_offset_dim=\dimen271
\l__coffin_display_x_dim=\dimen272
\l__coffin_display_y_dim=\dimen273
\g__char_data_ior=\read2
 (/usr/share/texmf-dist/tex/latex/l3kernel/l3deprecation.def
File: l3deprecation.def 2019-04-06 v L3 Deprecated functions
)) (/usr/share/texmf-dist/tex/latex/l3backend/l3backend-pdfmode.def
File: l3backend-pdfmode.def 2019-04-06 L3 backend support: PDF mode
\l__kernel_color_stack_int=\count271
\l__pdf_internal_box=\box64
))
Package: xparse 2019-10-11 L3 Experimental document command parser
\l__xparse_current_arg_int=\count272
\g__xparse_grabber_int=\count273
\l__xparse_m_args_int=\count274
\l__xparse_v_nesting_int=\count275
) (/usr/share/texmf-dist/tex/latex/hyperref/hyperref.sty
Package: hyperref 2019/09/28 v7.00a Hypertext links for LaTeX
 (/usr/share/texmf-dist/tex/generic/oberdiek/hobsub-hyperref.sty
Package: hobsub-hyperref 2016/05/16 v1.14 Bundle oberdiek, subset hyperref (HO)
 (/usr/share/texmf-dist/tex/generic/oberdiek/hobsub-generic.sty
Package: hobsub-generic 2016/05/16 v1.14 Bundle oberdiek, subset generic (HO)
Package: hobsub 2016/05/16 v1.14 Construct package bundles (HO)
Package hobsub Info: Skipping package `infwarerr' (already loaded).
Package hobsub Info: Skipping package `ltxcmds' (already loaded).
Package hobsub Info: Skipping package `ifluatex' (already loaded).
Package hobsub Info: Skipping package `ifvtex' (already loaded).
Package: intcalc 2016/05/16 v1.2 Expandable calculations with integers (HO)
Package hobsub Info: Skipping package `ifpdf' (already loaded).
Package: etexcmds 2016/05/16 v1.6 Avoid name clashes with e-TeX commands (HO)
Package: kvsetkeys 2016/05/16 v1.17 Key value parser (HO)
Package: kvdefinekeys 2016/05/16 v1.4 Define keys (HO)
Package: pdftexcmds 2019/07/25 v0.30 Utility functions of pdfTeX for LuaTeX (HO)
Package pdftexcmds Info: LuaTeX not detected.
Package pdftexcmds Info: \pdf@primitive is available.
Package pdftexcmds Info: \pdf@ifprimitive is available.
Package pdftexcmds Info: \pdfdraftmode found.
Package: pdfescape 2016/05/16 v1.14 Implements pdfTeX's escape features (HO)
Package: bigintcalc 2016/05/16 v1.4 Expandable calculations on big integers (HO)
Package: bitset 2016/05/16 v1.2 Handle bit-vector datatype (HO)
Package: uniquecounter 2016/05/16 v1.3 Provide unlimited unique counter (HO)
)
Package hobsub Info: Skipping package `hobsub' (already loaded).
Package: letltxmacro 2016/05/16 v1.5 Let assignment for LaTeX macros (HO)
Package: hopatch 2016/05/16 v1.3 Wrapper for package hooks (HO)
Package: xcolor-patch 2016/05/16 xcolor patch
Package: atveryend 2016/05/16 v1.9 Hooks at the very end of document (HO)
Package hobsub Info: Skipping package `atbegshi' (already loaded).
Package: refcount 2016/05/16 v3.5 Data extraction from label references (HO)
Package: hycolor 2016/05/16 v1.8 Color options for hyperref/bookmark (HO)
) (/usr/share/texmf-dist/tex/latex/oberdiek/auxhook.sty
Package: auxhook 2016/05/16 v1.4 Hooks for auxiliary files (HO)
) (/usr/share/texmf-dist/tex/latex/oberdiek/kvoptions.sty
Package: kvoptions 2016/05/16 v3.12 Key value format for package options (HO)
)
\@linkdim=\dimen274
\Hy@linkcounter=\count276
\Hy@pagecounter=\count277
 (/usr/share/texmf-dist/tex/latex/hyperref/pd1enc.def
File: pd1enc.def 2019/09/28 v7.00a Hyperref: PDFDocEncoding definition (HO)
Now handling font encoding PD1 ...
... no UTF-8 mapping file for font encoding PD1
)
\Hy@SavedSpaceFactor=\count278
 (/usr/share/texmf-dist/tex/latex/latexconfig/hyperref.cfg
File: hyperref.cfg 2002/06/06 v1.2 hyperref configuration of TeXLive
)
Package hyperref Info: Hyper figures OFF on input line 4540.
Package hyperref Info: Link nesting OFF on input line 4545.
Package hyperref Info: Hyper index ON on input line 4548.
Package hyperref Info: Plain pages OFF on input line 4555.
Package hyperref Info: Backreferencing OFF on input line 4560.
Package hyperref Info: Implicit mode ON; LaTeX internals redefined.
Package hyperref Info: Bookmarks ON on input line 4793.
\c@Hy@tempcnt=\count279
 (/usr/share/texmf-dist/tex/latex/url/url.sty
\Urlmuskip=\muskip16
Package: url 2013/09/16  ver 3.4  Verb mode for urls, etc.
)
LaTeX Info: Redefining \url on input line 5152.
\XeTeXLinkMargin=\dimen275
\Fld@menulength=\count280
\Field@Width=\dimen276
\Fld@charsize=\dimen277
Package hyperref Info: Hyper figures OFF on input line 6423.
Package hyperref Info: Link nesting OFF on input line 6428.
Package hyperref Info: Hyper index ON on input line 6431.
Package hyperref Info: backreferencing OFF on input line 6438.
Package hyperref Info: Link coloring OFF on input line 6443.
Package hyperref Info: Link coloring with OCG OFF on input line 6448.
Package hyperref Info: PDF/A mode OFF on input line 6453.
LaTeX Info: Redefining \ref on input line 6493.
LaTeX Info: Redefining \pageref on input line 6497.
\Hy@abspage=\count281
\c@Item=\count282
\c@Hfootnote=\count283
)
Package hyperref Info: Driver (autodetected): hpdftex.
 (/usr/share/texmf-dist/tex/latex/hyperref/hpdftex.def
File: hpdftex.def 2019/09/28 v7.00a Hyperref driver for pdfTeX
\Fld@listcount=\count284
\c@bookmark@seq@number=\count285
 (/usr/share/texmf-dist/tex/latex/oberdiek/rerunfilecheck.sty
Package: rerunfilecheck 2016/05/16 v1.8 Rerun checks for auxiliary files (HO)
Package uniquecounter Info: New unique counter `rerunfilecheck' on input line 282.
)
\Hy@SectionHShift=\skip71
)) (/usr/share/texmf-dist/tex/latex/colortbl/colortbl.sty
Package: colortbl 2018/12/12 v1.0d Color table columns (DPC)
\everycr=\toks34
\minrowclearance=\skip72
) (/usr/share/texmf-dist/tex/latex/arydshln/arydshln.sty
Package: arydshln 2019/02/21 v1.76 
\dashlinedash=\dimen278
\dashlinegap=\dimen279
\adl@box=\box65
\adl@height=\dimen280
\adl@heightsave=\dimen281
\adl@depth=\dimen282
\adl@depthsave=\dimen283
\adl@finaldepth=\dimen284
\adl@columns=\count286
\adl@ncol=\count287
\adl@currentcolumn=\count288
\adl@currentcolumnsave=\count289
\adl@totalheight=\count290
\adl@totalheightsave=\count291
\adl@dash=\count292
\adl@gap=\count293
\adl@cla=\count294
\adl@clb=\count295
\adl@everyvbox=\toks35
\adl@LTpagetotal=\dimen285
) (/usr/share/texmf-dist/tex/latex/dashrule/dashrule.sty
Package: dashrule 2013/03/28 v1.3 Dashed rules
 (/usr/share/texmf-dist/tex/latex/ifmtarg/ifmtarg.sty
Package: ifmtarg 2018/04/16 v1.2b check for an empty argument
)
\c@hdr@segments=\count296
) (/usr/share/texmf-dist/tex/latex/wrapfig/wrapfig.sty
\wrapoverhang=\dimen286
\WF@size=\dimen287
\c@WF@wrappedlines=\count297
\WF@box=\box66
\WF@everypar=\toks36
Package: wrapfig 2003/01/31  v 3.6
) (/usr/share/texmf-dist/tex/latex/blindtext/blindtext.sty
Package: blindtext 2012/01/06 V2.0 blindtext-Package
\c@blindtext=\count298
\c@Blindtext=\count299
\c@blind@countparstart=\count300
\blind@countxx=\count301
\blindtext@numBlindtext=\count302
\blind@countyy=\count303
\c@blindlist=\count304
\c@blindlistlevel=\count305
\c@blindlist@level=\count306
\blind@listitem=\count307
\c@blind@listcount=\count308
\c@blind@levelcount=\count309
\blind@mathformula=\count310
\blind@Mathformula=\count311
\c@blind@randomcount=\count312
\c@blind@randommax=\count313
\c@blind@pangramcount=\count314
\c@blind@pangrammax=\count315
) (/usr/share/texmf-dist/tex/latex/amsmath/amsmath.sty
Package: amsmath 2019/04/01 v2.17c AMS math features
\@mathmargin=\skip73

For additional information on amsmath, use the `?' option.
(/usr/share/texmf-dist/tex/latex/amsmath/amstext.sty
Package: amstext 2000/06/29 v2.01 AMS text
 (/usr/share/texmf-dist/tex/latex/amsmath/amsgen.sty
File: amsgen.sty 1999/11/30 v2.0 generic functions
\@emptytoks=\toks37
\ex@=\dimen288
)) (/usr/share/texmf-dist/tex/latex/amsmath/amsbsy.sty
Package: amsbsy 1999/11/29 v1.2d Bold Symbols
\pmbraise@=\dimen289
) (/usr/share/texmf-dist/tex/latex/amsmath/amsopn.sty
Package: amsopn 2016/03/08 v2.02 operator names
)
\inf@bad=\count316
LaTeX Info: Redefining \frac on input line 227.
\uproot@=\count317
\leftroot@=\count318
LaTeX Info: Redefining \overline on input line 389.
\classnum@=\count319
\DOTSCASE@=\count320
LaTeX Info: Redefining \ldots on input line 486.
LaTeX Info: Redefining \dots on input line 489.
LaTeX Info: Redefining \cdots on input line 610.
\Mathstrutbox@=\box67
\strutbox@=\box68
\big@size=\dimen290
LaTeX Font Info:    Redeclaring font encoding OML on input line 733.
LaTeX Font Info:    Redeclaring font encoding OMS on input line 734.
\macc@depth=\count321
\c@MaxMatrixCols=\count322
\dotsspace@=\muskip17
\c@parentequation=\count323
\dspbrk@lvl=\count324
\tag@help=\toks38
\row@=\count325
\column@=\count326
\maxfields@=\count327
\andhelp@=\toks39
\eqnshift@=\dimen291
\alignsep@=\dimen292
\tagshift@=\dimen293
\tagwidth@=\dimen294
\totwidth@=\dimen295
\lineht@=\dimen296
\@envbody=\toks40
\multlinegap=\skip74
\multlinetaggap=\skip75
\mathdisplay@stack=\toks41
LaTeX Info: Redefining \[ on input line 2855.
LaTeX Info: Redefining \] on input line 2856.
) (/usr/share/texmf-dist/tex/latex/makecell/makecell.sty
Package: makecell 2009/08/03 V0.1e Managing of Tab Column Heads and Cells
\rotheadsize=\dimen297
\c@nlinenum=\count328
\TeXr@lab=\toks42
) (/usr/share/texmf-dist/tex/latex/multirow/multirow.sty
Package: multirow 2019/05/31 v2.5 Span multiple rows of a table
\multirow@colwidth=\skip76
\multirow@cntb=\count329
\multirow@dima=\skip77
\bigstrutjot=\dimen298
) (/usr/share/texmf-dist/tex/latex/float/float.sty
Package: float 2001/11/08 v1.3d Float enhancements (AL)
\c@float@type=\count330
\float@exts=\toks43
\float@box=\box69
\@float@everytoks=\toks44
\@floatcapt=\box70
) (/usr/share/texmf-dist/tex/latex/tools/multicol.sty
Package: multicol 2019/03/01 v1.8w multicolumn formatting (FMi)
\c@tracingmulticols=\count331
\mult@box=\box71
\multicol@leftmargin=\dimen299
\c@unbalance=\count332
\c@collectmore=\count333
\doublecol@number=\count334
\multicoltolerance=\count335
\multicolpretolerance=\count336
\full@width=\dimen300
\page@free=\dimen301
\premulticols=\dimen302
\postmulticols=\dimen303
\multicolsep=\skip78
\multicolbaselineskip=\skip79
\partial@page=\box72
\last@line=\box73
\maxbalancingoverflow=\dimen304
\mult@rightbox=\box74
\mult@grightbox=\box75
\mult@gfirstbox=\box76
\mult@firstbox=\box77
\@tempa=\box78
\@tempa=\box79
\@tempa=\box80
\@tempa=\box81
\@tempa=\box82
\@tempa=\box83
\@tempa=\box84
\@tempa=\box85
\@tempa=\box86
\@tempa=\box87
\@tempa=\box88
\@tempa=\box89
\@tempa=\box90
\@tempa=\box91
\@tempa=\box92
\@tempa=\box93
\@tempa=\box94
\c@minrows=\count337
\c@columnbadness=\count338
\c@finalcolumnbadness=\count339
\last@try=\dimen305
\multicolovershoot=\dimen306
\multicolundershoot=\dimen307
\mult@nat@firstbox=\box95
\colbreak@box=\box96
\mc@col@check@num=\count340
) (/usr/share/texmf-dist/tex/latex/vwcol/vwcol.sty
Package: vwcol 2015/02/10 v0.2 Variable-width multicolumn text
 (/usr/share/texmf-dist/tex/latex/environ/environ.sty
Package: environ 2014/05/04 v0.3 A new way to define environments
 (/usr/share/texmf-dist/tex/latex/trimspaces/trimspaces.sty
Package: trimspaces 2009/09/17 v1.1 Trim spaces around a token list
)) (/usr/share/texmf-dist/tex/latex/ragged2e/ragged2e.sty
Package: ragged2e 2019/07/28 v2.2 ragged2e Package (MS)
 (/usr/share/texmf-dist/tex/latex/ms/everysel.sty
Package: everysel 2011/10/28 v1.2 EverySelectfont Package (MS)
)
\CenteringLeftskip=\skip80
\RaggedLeftLeftskip=\skip81
\RaggedRightLeftskip=\skip82
\CenteringRightskip=\skip83
\RaggedLeftRightskip=\skip84
\RaggedRightRightskip=\skip85
\CenteringParfillskip=\skip86
\RaggedLeftParfillskip=\skip87
\RaggedRightParfillskip=\skip88
\JustifyingParfillskip=\skip89
\CenteringParindent=\skip90
\RaggedLeftParindent=\skip91
\RaggedRightParindent=\skip92
\JustifyingParindent=\skip93
)
\vwcol@sep=\skip94
\vwcol@rule=\skip95
\vwcol@totalwidth=\skip96
\vwcol@averagewidth=\skip97
\vwcol@parindent=\skip98
\vwcol@last=\count341
\vwcol@Ncols=\count342
\vwcol@Nlines=\count343
\vwcol@maxrecursion=\count344
\vwcol@box=\box97
\vwcol@plainbox=\box98
\vwcol@outputbox=\box99
) (/usr/share/texmf-dist/tex/latex/enumitem/enumitem.sty
Package: enumitem 2019/06/20 v3.9 Customized lists
\labelindent=\skip99
\enit@outerparindent=\dimen308
\enit@toks=\toks45
\enit@inbox=\box100
\enit@count@id=\count345
\enitdp@description=\count346
){/home/rafael/.texlive/texmf-var/fonts/map/pdftex/updmap/pdftex.map}{/usr/local/share/texmf/fonts/map/dvips/clearsans/ClearSans.map}{/usr/local/share/texmf/fonts/map/dvips/fontawesome/fontawesome.map} (/usr/share/texmf-dist/tex/latex/base/fontenc.sty
Package: fontenc 2018/08/11 v2.0j Standard LaTeX package
 (/usr/share/texmf-dist/tex/latex/base/t1enc.def
File: t1enc.def 2018/08/11 v2.0j Standard LaTeX file
LaTeX Font Info:    Redeclaring font encoding T1 on input line 48.
)) (/usr/share/texmf-dist/tex/latex/lm/lmodern.sty
Package: lmodern 2009/10/30 v1.6 Latin Modern Fonts
LaTeX Font Info:    Overwriting symbol font `operators' in version `normal'
(Font)                  OT1/cmr/m/n --> OT1/lmr/m/n on input line 22.
LaTeX Font Info:    Overwriting symbol font `letters' in version `normal'
(Font)                  OML/cmm/m/it --> OML/lmm/m/it on input line 23.
LaTeX Font Info:    Overwriting symbol font `symbols' in version `normal'
(Font)                  OMS/cmsy/m/n --> OMS/lmsy/m/n on input line 24.
LaTeX Font Info:    Overwriting symbol font `largesymbols' in version `normal'
(Font)                  OMX/cmex/m/n --> OMX/lmex/m/n on input line 25.
LaTeX Font Info:    Overwriting symbol font `operators' in version `bold'
(Font)                  OT1/cmr/bx/n --> OT1/lmr/bx/n on input line 26.
LaTeX Font Info:    Overwriting symbol font `letters' in version `bold'
(Font)                  OML/cmm/b/it --> OML/lmm/b/it on input line 27.
LaTeX Font Info:    Overwriting symbol font `symbols' in version `bold'
(Font)                  OMS/cmsy/b/n --> OMS/lmsy/b/n on input line 28.
LaTeX Font Info:    Overwriting symbol font `largesymbols' in version `bold'
(Font)                  OMX/cmex/m/n --> OMX/lmex/m/n on input line 29.
LaTeX Font Info:    Overwriting math alphabet `\mathbf' in version `normal'
(Font)                  OT1/cmr/bx/n --> OT1/lmr/bx/n on input line 31.
LaTeX Font Info:    Overwriting math alphabet `\mathsf' in version `normal'
(Font)                  OT1/cmss/m/n --> OT1/lmss/m/n on input line 32.
LaTeX Font Info:    Overwriting math alphabet `\mathit' in version `normal'
(Font)                  OT1/cmr/m/it --> OT1/lmr/m/it on input line 33.
LaTeX Font Info:    Overwriting math alphabet `\mathtt' in version `normal'
(Font)                  OT1/cmtt/m/n --> OT1/lmtt/m/n on input line 34.
LaTeX Font Info:    Overwriting math alphabet `\mathbf' in version `bold'
(Font)                  OT1/cmr/bx/n --> OT1/lmr/bx/n on input line 35.
LaTeX Font Info:    Overwriting math alphabet `\mathsf' in version `bold'
(Font)                  OT1/cmss/bx/n --> OT1/lmss/bx/n on input line 36.
LaTeX Font Info:    Overwriting math alphabet `\mathit' in version `bold'
(Font)                  OT1/cmr/bx/it --> OT1/lmr/bx/it on input line 37.
LaTeX Font Info:    Overwriting math alphabet `\mathtt' in version `bold'
(Font)                  OT1/cmtt/m/n --> OT1/lmtt/m/n on input line 38.
) (/usr/share/texmf-dist/tex/latex/microtype/microtype.sty
Package: microtype 2019/10/10 v2.7c Micro-typographical refinements (RS)
\MT@toks=\toks46
\MT@count=\count347
LaTeX Info: Redefining \textls on input line 790.
\MT@outer@kern=\dimen309
LaTeX Info: Redefining \textmicrotypecontext on input line 1347.
\MT@listname@count=\count348
 (/usr/share/texmf-dist/tex/latex/microtype/microtype-pdftex.def
File: microtype-pdftex.def 2019/10/10 v2.7c Definitions specific to pdftex (RS)
LaTeX Info: Redefining \lsstyle on input line 914.
LaTeX Info: Redefining \lslig on input line 914.
\MT@outer@space=\skip100
)
Package microtype Info: Loading configuration file microtype.cfg.
 (/usr/share/texmf-dist/tex/latex/microtype/microtype.cfg
File: microtype.cfg 2019/10/10 v2.7c microtype main configuration file (RS)
)){/usr/local/share/texmf/fonts/map/dvips/clearsans/ClearSans.map}{/usr/local/share/texmf/fonts/map/dvips/fontawesome/fontawesome.map} (/usr/share/texmf-dist/tex/latex/base/fontenc.sty
Package: fontenc 2018/08/11 v2.0j Standard LaTeX package
 (/usr/share/texmf-dist/tex/latex/base/t1enc.def
File: t1enc.def 2018/08/11 v2.0j Standard LaTeX file
LaTeX Font Info:    Redeclaring font encoding T1 on input line 48.
)) (/usr/share/texmf-dist/tex/latex/base/inputenc.sty
Package: inputenc 2018/08/11 v1.3c Input encoding file
\inpenc@prehook=\toks47
\inpenc@posthook=\toks48
) (/usr/share/texmf-dist/tex/latex/base/fontenc.sty
Package: fontenc 2018/08/11 v2.0j Standard LaTeX package
 (/usr/share/texmf-dist/tex/latex/base/t1enc.def
File: t1enc.def 2018/08/11 v2.0j Standard LaTeX file
LaTeX Font Info:    Redeclaring font encoding T1 on input line 48.
)) (/usr/share/texmf-dist/tex/latex/amsfonts/amssymb.sty
Package: amssymb 2013/01/14 v3.01 AMS font symbols
 (/usr/share/texmf-dist/tex/latex/amsfonts/amsfonts.sty
Package: amsfonts 2013/01/14 v3.01 Basic AMSFonts support
\symAMSa=\mathgroup4
\symAMSb=\mathgroup5
LaTeX Font Info:    Redeclaring math symbol \hbar on input line 98.
LaTeX Font Info:    Overwriting math alphabet `\mathfrak' in version `bold'
(Font)                  U/euf/m/n --> U/euf/b/n on input line 106.
)) (./Rafael_Ito.aux)
\openout1 = `Rafael_Ito.aux'.

LaTeX Font Info:    Checking defaults for OML/cmm/m/it on input line 363.
LaTeX Font Info:    ... okay on input line 363.
LaTeX Font Info:    Checking defaults for T1/cmr/m/n on input line 363.
LaTeX Font Info:    ... okay on input line 363.
LaTeX Font Info:    Checking defaults for OT1/cmr/m/n on input line 363.
LaTeX Font Info:    ... okay on input line 363.
LaTeX Font Info:    Checking defaults for OMS/cmsy/m/n on input line 363.
LaTeX Font Info:    ... okay on input line 363.
LaTeX Font Info:    Checking defaults for OMX/cmex/m/n on input line 363.
LaTeX Font Info:    ... okay on input line 363.
LaTeX Font Info:    Checking defaults for U/cmr/m/n on input line 363.
LaTeX Font Info:    ... okay on input line 363.
LaTeX Font Info:    Checking defaults for TS1/cmr/m/n on input line 363.
LaTeX Font Info:    Trying to load font information for TS1+cmr on input line 363.
 (/usr/share/texmf-dist/tex/latex/base/ts1cmr.fd
File: ts1cmr.fd 2014/09/29 v2.5h Standard LaTeX font definitions
)
LaTeX Font Info:    ... okay on input line 363.
LaTeX Font Info:    Checking defaults for PD1/pdf/m/n on input line 363.
LaTeX Font Info:    ... okay on input line 363.
LaTeX Font Info:    Trying to load font information for T1+ClearSans-TLF on input line 363.
 (/usr/local/share/texmf/tex/latex/clearsans/T1ClearSans-TLF.fd
File: T1ClearSans-TLF.fd 2019/10/16 (autoinst) Font definitions for T1/ClearSans-TLF.
)
LaTeX Font Info:    Font shape `T1/ClearSans-TLF/m/n' in size <10> not available
(Font)              Font shape `T1/ClearSans-TLF/regular/n' tried instead on input line 363.
LaTeX Font Info:    Font shape `T1/ClearSans-TLF/regular/n' will be
(Font)              scaled to size 10.0pt on input line 363.
 (/usr/share/texmf-dist/tex/context/base/mkii/supp-pdf.mkii
[Loading MPS to PDF converter (version 2006.09.02).]
\scratchcounter=\count349
\scratchdimen=\dimen310
\scratchbox=\box101
\nofMPsegments=\count350
\nofMParguments=\count351
\everyMPshowfont=\toks49
\MPscratchCnt=\count352
\MPscratchDim=\dimen311
\MPnumerator=\count353
\makeMPintoPDFobject=\count354
\everyMPtoPDFconversion=\toks50
) (/usr/share/texmf-dist/tex/latex/oberdiek/epstopdf-base.sty
Package: epstopdf-base 2016/05/15 v2.6 Base part for package epstopdf
 (/usr/share/texmf-dist/tex/latex/oberdiek/grfext.sty
Package: grfext 2016/05/16 v1.2 Manage graphics extensions (HO)
)
Package epstopdf-base Info: Redefining graphics rule for `.eps' on input line 438.
Package grfext Info: Graphics extension search list:
(grfext)             [.pdf,.png,.jpg,.mps,.jpeg,.jbig2,.jb2,.PDF,.PNG,.JPG,.JPEG,.JBIG2,.JB2,.eps]
(grfext)             \AppendGraphicsExtensions on input line 456.
 (/usr/share/texmf-dist/tex/latex/latexconfig/epstopdf-sys.cfg
File: epstopdf-sys.cfg 2010/07/13 v1.3 Configuration of (r)epstopdf for TeX Live
)) ABD: EveryShipout initializing macros
*geometry* driver: auto-detecting
*geometry* detected driver: pdftex
*geometry* verbose mode - [ preamble ] result:
* driver: pdftex
* paper: a4paper
* layout: <same size as paper>
* layoutoffset:(h,v)=(0.0pt,0.0pt)
* modes: 
* h-part:(L,W,R)=(215.10318pt, 370.452pt, 11.9527pt)
* v-part:(T,H,B)=(16.90454pt, 811.23776pt, 16.90454pt)
* \paperwidth=597.50787pt
* \paperheight=845.04684pt
* \textwidth=370.452pt
* \textheight=811.23776pt
* \oddsidemargin=142.83319pt
* \evensidemargin=142.83319pt
* \topmargin=-55.36545pt
* \headheight=0.0pt
* \headsep=0.0pt
* \topskip=10.0pt
* \footskip=0.0pt
* \marginparwidth=0.0pt
* \marginparsep=0.0pt
* \columnsep=10.0pt
* \skip\footins=9.0pt plus 4.0pt minus 2.0pt
* \hoffset=0.0pt
* \voffset=0.0pt
* \mag=1000
* \@twocolumnfalse
* \@twosidefalse
* \@mparswitchfalse
* \@reversemarginfalse
* (1in=72.27pt=25.4mm, 1cm=28.453pt)

\c@mv@tabular=\count355
\c@mv@boldtabular=\count356
\AtBeginShipoutBox=\box102
Package hyperref Info: Link coloring OFF on input line 363.
(/usr/share/texmf-dist/tex/latex/hyperref/nameref.sty
Package: nameref 2019/09/16 v2.46 Cross-referencing by name of section
 (/usr/share/texmf-dist/tex/generic/oberdiek/gettitlestring.sty
Package: gettitlestring 2016/05/16 v1.5 Cleanup title references (HO)
)
\c@section@level=\count357
)
LaTeX Info: Redefining \ref on input line 363.
LaTeX Info: Redefining \pageref on input line 363.
LaTeX Info: Redefining \nameref on input line 363.
 (./Rafael_Ito.out) (./Rafael_Ito.out)
\@outlinefile=\write4
\openout4 = `Rafael_Ito.out'.

 ABD: EverySelectfont initializing macros
LaTeX Info: Redefining \selectfont on input line 363.
LaTeX Info: Redefining \microtypecontext on input line 363.
Package microtype Info: Generating PDF output.
Package microtype Info: Character protrusion enabled (level 2).
Package microtype Info: Using default protrusion set `alltext'.
Package microtype Info: Automatic font expansion enabled (level 2),
(microtype)             stretch: 20, shrink: 20, step: 1, non-selected.
Package microtype Info: Using default expansion set `basictext'.
LaTeX Info: Redefining \showhyphens on input line 363.
Package microtype Info: No adjustment of tracking.
Package microtype Info: No adjustment of interword spacing.
Package microtype Info: No adjustment of character kerning.
Package microtype Info: Loading generic protrusion settings for font family
(microtype)             `ClearSans-TLF' (encoding: T1).
(microtype)             For optimal results, create family-specific settings.
(microtype)             See the microtype manual for details.
<../figures/profile.jpeg, id=7, 1409.265pt x 1391.1975pt>
File: ../figures/profile.jpeg Graphic file (type jpg)
<use ../figures/profile.jpeg>
Package pdftex.def Info: ../figures/profile.jpeg  used on input line 364.
(pdftex.def)             Requested size: 142.20471pt x 140.38034pt.
LaTeX Font Info:    Font shape `T1/ClearSans-TLF/m/n' in size <24.88> not available
(Font)              Font shape `T1/ClearSans-TLF/regular/n' tried instead on input line 364.
LaTeX Font Info:    Font shape `T1/ClearSans-TLF/regular/n' will be
(Font)              scaled to size 24.88pt on input line 364.
LaTeX Font Info:    Font shape `T1/ClearSans-TLF/m/n' in size <14.4> not available
(Font)              Font shape `T1/ClearSans-TLF/regular/n' tried instead on input line 364.
LaTeX Font Info:    Font shape `T1/ClearSans-TLF/regular/n' will be
(Font)              scaled to size 14.4pt on input line 364.
 (/usr/share/texmf-dist/tex/latex/lm/ot1lmr.fd) (/usr/share/texmf-dist/tex/latex/microtype/mt-cmr.cfg) (/usr/share/texmf-dist/tex/latex/lm/omllmm.fd) (/usr/share/texmf-dist/tex/latex/lm/omslmsy.fd) (/usr/share/texmf-dist/tex/latex/lm/omxlmex.fd) (/usr/share/texmf-dist/tex/latex/amsfonts/umsa.fd) (/usr/share/texmf-dist/tex/latex/microtype/mt-msa.cfg) (/usr/share/texmf-dist/tex/latex/amsfonts/umsb.fd) (/usr/share/texmf-dist/tex/latex/microtype/mt-msb.cfg) (/usr/local/share/texmf/tex/latex/fontawesome/ufontawesometwo.fd) (/usr/local/share/texmf/tex/latex/fontawesome/ufontawesomeone.fd) (/usr/local/share/texmf/tex/latex/fontawesome/ufontawesomethree.fd)

Package hyperref Warning: Suppressing link with empty target on input line 364.

LaTeX Font Info:    Font shape `T1/ClearSans-TLF/m/n' in size <20.74> not available
(Font)              Font shape `T1/ClearSans-TLF/regular/n' tried instead on input line 364.
LaTeX Font Info:    Font shape `T1/ClearSans-TLF/regular/n' will be
(Font)              scaled to size 20.74pt on input line 364.
<../figures/languages/en-US.png, id=20, 1027.84pt x 685.56125pt>
File: ../figures/languages/en-US.png Graphic file (type png)
<use ../figures/languages/en-US.png>
Package pdftex.def Info: ../figures/languages/en-US.png  used on input line 364.
(pdftex.def)             Requested size: 10.0pt x 6.66353pt.
LaTeX Font Info:    Font shape `T1/ClearSans-TLF/m/n' in size <7> not available
(Font)              Font shape `T1/ClearSans-TLF/regular/n' tried instead on input line 364.
LaTeX Font Info:    Font shape `T1/ClearSans-TLF/regular/n' will be
(Font)              scaled to size 7.0pt on input line 364.
<../figures/languages/pt-BR.png, id=21, 1284.8pt x 899.36pt>
File: ../figures/languages/pt-BR.png Graphic file (type png)
<use ../figures/languages/pt-BR.png>
Package pdftex.def Info: ../figures/languages/pt-BR.png  used on input line 364.
(pdftex.def)             Requested size: 10.0pt x 6.99878pt.
<../figures/languages/it-IT.png, id=22, 1204.5pt x 803.0pt>
File: ../figures/languages/it-IT.png Graphic file (type png)
<use ../figures/languages/it-IT.png>
Package pdftex.def Info: ../figures/languages/it-IT.png  used on input line 364.
(pdftex.def)             Requested size: 10.0pt x 6.6655pt.
<../figures/languages/fr-FR.png, id=24, 1284.8pt x 856.19875pt>
File: ../figures/languages/fr-FR.png Graphic file (type png)
<use ../figures/languages/fr-FR.png>
Package pdftex.def Info: ../figures/languages/fr-FR.png  used on input line 364.
(pdftex.def)             Requested size: 10.0pt x 6.6629pt.
<../figures/languages/es-ES.jpg, id=25, 610.73239pt x 407.15492pt>
File: ../figures/languages/es-ES.jpg Graphic file (type jpg)
<use ../figures/languages/es-ES.jpg>
Package pdftex.def Info: ../figures/languages/es-ES.jpg  used on input line 364.
(pdftex.def)             Requested size: 10.0pt x 6.6662pt.
<../figures/languages/jp-JP.jpg, id=26, 1885.0425pt x 1318.9275pt>
File: ../figures/languages/jp-JP.jpg Graphic file (type jpg)
<use ../figures/languages/jp-JP.jpg>
Package pdftex.def Info: ../figures/languages/jp-JP.jpg  used on input line 364.
(pdftex.def)             Requested size: 10.0pt x 6.98343pt.
<../figures/awards/medal_golden_red.png, id=27, 184.69pt x 233.87375pt>
File: ../figures/awards/medal_golden_red.png Graphic file (type png)
<use ../figures/awards/medal_golden_red.png>
Package pdftex.def Info: ../figures/awards/medal_golden_red.png  used on input line 364.
(pdftex.def)             Requested size: 10.0pt x 12.66145pt.
<../figures/awards/medal_silver_blue.png, id=28, 234.8775pt x 234.8775pt>
File: ../figures/awards/medal_silver_blue.png Graphic file (type png)
<use ../figures/awards/medal_silver_blue.png>
Package pdftex.def Info: ../figures/awards/medal_silver_blue.png  used on input line 364.
(pdftex.def)             Requested size: 10.0pt x 9.99918pt.
File: ../figures/awards/medal_silver_blue.png Graphic file (type png)
<use ../figures/awards/medal_silver_blue.png>
Package pdftex.def Info: ../figures/awards/medal_silver_blue.png  used on input line 364.
(pdftex.def)             Requested size: 10.0pt x 9.99918pt.
<../figures/awards/merit_2.png, id=29, 108.405pt x 128.48pt>
File: ../figures/awards/merit_2.png Graphic file (type png)
<use ../figures/awards/merit_2.png>
Package pdftex.def Info: ../figures/awards/merit_2.png  used on input line 364.
(pdftex.def)             Requested size: 10.0pt x 11.85088pt.
<../figures/awards/merit.png, id=30, 431.6125pt x 513.92pt>
File: ../figures/awards/merit.png Graphic file (type png)
<use ../figures/awards/merit.png>
Package pdftex.def Info: ../figures/awards/merit.png  used on input line 364.
(pdftex.def)             Requested size: 10.0pt x 11.90381pt.
File: ../figures/awards/merit.png Graphic file (type png)
<use ../figures/awards/merit.png>
Package pdftex.def Info: ../figures/awards/merit.png  used on input line 364.
(pdftex.def)             Requested size: 10.0pt x 11.90381pt.
LaTeX Font Info:    Font shape `T1/ClearSans-TLF/bx/n' in size <10> not available
(Font)              Font shape `T1/ClearSans-TLF/b/n' tried instead on input line 367.
LaTeX Font Info:    Font shape `T1/ClearSans-TLF/b/n' in size <10> not available
(Font)              Font shape `T1/ClearSans-TLF/bold/n' tried instead on input line 367.
LaTeX Font Info:    Font shape `T1/ClearSans-TLF/bold/n' will be
(Font)              scaled to size 10.0pt on input line 367.
LaTeX Font Info:    Font shape `T1/ClearSans-TLF/bx/n' in size <17.28> not available
(Font)              Font shape `T1/ClearSans-TLF/b/n' tried instead on input line 367.
LaTeX Font Info:    Font shape `T1/ClearSans-TLF/b/n' in size <17.28> not available
(Font)              Font shape `T1/ClearSans-TLF/bold/n' tried instead on input line 367.
LaTeX Font Info:    Font shape `T1/ClearSans-TLF/bold/n' will be
(Font)              scaled to size 17.28pt on input line 367.
<../figures/education/Unicamp.png, id=31, 481.8pt x 481.8pt>
File: ../figures/education/Unicamp.png Graphic file (type png)
<use ../figures/education/Unicamp.png>
Package pdftex.def Info: ../figures/education/Unicamp.png  used on input line 482.
(pdftex.def)             Requested size: 25.92932pt x 25.93434pt.
LaTeX Font Info:    Font shape `T1/ClearSans-TLF/m/n' in size <9> not available
(Font)              Font shape `T1/ClearSans-TLF/regular/n' tried instead on input line 482.
LaTeX Font Info:    Font shape `T1/ClearSans-TLF/regular/n' will be
(Font)              scaled to size 9.0pt on input line 482.
LaTeX Font Info:    Font shape `T1/ClearSans-TLF/m/n' in size <8> not available
(Font)              Font shape `T1/ClearSans-TLF/regular/n' tried instead on input line 482.
LaTeX Font Info:    Font shape `T1/ClearSans-TLF/regular/n' will be
(Font)              scaled to size 8.0pt on input line 482.
LaTeX Font Info:    Font shape `T1/ClearSans-TLF/m/n' in size <5> not available
(Font)              Font shape `T1/ClearSans-TLF/regular/n' tried instead on input line 482.
LaTeX Font Info:    Font shape `T1/ClearSans-TLF/regular/n' will be
(Font)              scaled to size 5.0pt on input line 482.
File: ../figures/education/Unicamp.png Graphic file (type png)
<use ../figures/education/Unicamp.png>
Package pdftex.def Info: ../figures/education/Unicamp.png  used on input line 526.
(pdftex.def)             Requested size: 25.92932pt x 25.93434pt.

Underfull \hbox (badness 10000) in paragraph at lines 486--526

 []

<../figures/education/QMUL.png, id=32, 344.0052pt x 104.3097pt>
File: ../figures/education/QMUL.png Graphic file (type png)
<use ../figures/education/QMUL.png>
Package pdftex.def Info: ../figures/education/QMUL.png  used on input line 538.
(pdftex.def)             Requested size: 85.52866pt x 25.93434pt.

Underfull \hbox (badness 10000) in paragraph at lines 538--538
[]
 []


Overfull \hbox (11.43939pt too wide) in paragraph at lines 538--538
[] 
 []


Underfull \hbox (badness 10000) in paragraph at lines 530--538

 []

<../figures/education/Cotuca.png, id=33, 87.32625pt x 87.32625pt>
File: ../figures/education/Cotuca.png Graphic file (type png)
<use ../figures/education/Cotuca.png>
Package pdftex.def Info: ../figures/education/Cotuca.png  used on input line 549.
(pdftex.def)             Requested size: 25.93423pt x 25.93434pt.

Underfull \hbox (badness 10000) in paragraph at lines 541--549

 []

LaTeX Font Info:    Font shape `T1/ClearSans-TLF/bx/n' in size <8> not available
(Font)              Font shape `T1/ClearSans-TLF/b/n' tried instead on input line 552.
LaTeX Font Info:    Font shape `T1/ClearSans-TLF/b/n' in size <8> not available
(Font)              Font shape `T1/ClearSans-TLF/bold/n' tried instead on input line 552.
LaTeX Font Info:    Font shape `T1/ClearSans-TLF/bold/n' will be
(Font)              scaled to size 8.0pt on input line 552.
LaTeX Font Info:    Font shape `T1/ClearSans-TLF/bx/n' in size <9> not available
(Font)              Font shape `T1/ClearSans-TLF/b/n' tried instead on input line 573.
LaTeX Font Info:    Font shape `T1/ClearSans-TLF/b/n' in size <9> not available
(Font)              Font shape `T1/ClearSans-TLF/bold/n' tried instead on input line 573.
LaTeX Font Info:    Font shape `T1/ClearSans-TLF/bold/n' will be
(Font)              scaled to size 9.0pt on input line 573.
LaTeX Font Info:    Font shape `T1/ClearSans-TLF/bx/n' in size <7> not available
(Font)              Font shape `T1/ClearSans-TLF/b/n' tried instead on input line 576.
LaTeX Font Info:    Font shape `T1/ClearSans-TLF/b/n' in size <7> not available
(Font)              Font shape `T1/ClearSans-TLF/bold/n' tried instead on input line 576.
LaTeX Font Info:    Font shape `T1/ClearSans-TLF/bold/n' will be
(Font)              scaled to size 7.0pt on input line 576.
LaTeX Font Info:    Trying to load font information for TS1+ClearSans-TLF on input line 578.
(/usr/local/share/texmf/tex/latex/clearsans/TS1ClearSans-TLF.fd
File: TS1ClearSans-TLF.fd 2019/10/16 (autoinst) Font definitions for TS1/ClearSans-TLF.
)
LaTeX Font Info:    Font shape `TS1/ClearSans-TLF/m/n' in size <7> not available
(Font)              Font shape `TS1/ClearSans-TLF/regular/n' tried instead on input line 578.
LaTeX Font Info:    Font shape `TS1/ClearSans-TLF/regular/n' will be
(Font)              scaled to size 7.0pt on input line 578.
Package microtype Info: Loading generic protrusion settings for font family
(microtype)             `ClearSans-TLF' (encoding: TS1).
(microtype)             For optimal results, create family-specific settings.
(microtype)             See the microtype manual for details.

Underfull \hbox (badness 10000) in paragraph at lines 573--578

 []

<../figures/machine-learning-portfolio/colab.png, id=36, 256.96pt x 256.96pt>
File: ../figures/machine-learning-portfolio/colab.png Graphic file (type png)
<use ../figures/machine-learning-portfolio/colab.png>
Package pdftex.def Info: ../figures/machine-learning-portfolio/colab.png  used on input line 584.
(pdftex.def)             Requested size: 6.99878pt x 7.0pt.
File: ../figures/machine-learning-portfolio/colab.png Graphic file (type png)
<use ../figures/machine-learning-portfolio/colab.png>
Package pdftex.def Info: ../figures/machine-learning-portfolio/colab.png  used on input line 590.
(pdftex.def)             Requested size: 6.99878pt x 7.0pt.
File: ../figures/machine-learning-portfolio/colab.png Graphic file (type png)
<use ../figures/machine-learning-portfolio/colab.png>
Package pdftex.def Info: ../figures/machine-learning-portfolio/colab.png  used on input line 596.
(pdftex.def)             Requested size: 6.99878pt x 7.0pt.
File: ../figures/machine-learning-portfolio/colab.png Graphic file (type png)
<use ../figures/machine-learning-portfolio/colab.png>
Package pdftex.def Info: ../figures/machine-learning-portfolio/colab.png  used on input line 602.
(pdftex.def)             Requested size: 6.99878pt x 7.0pt.
File: ../figures/machine-learning-portfolio/colab.png Graphic file (type png)
<use ../figures/machine-learning-portfolio/colab.png>
Package pdftex.def Info: ../figures/machine-learning-portfolio/colab.png  used on input line 608.
(pdftex.def)             Requested size: 6.99878pt x 7.0pt.
File: ../figures/machine-learning-portfolio/colab.png Graphic file (type png)
<use ../figures/machine-learning-portfolio/colab.png>
Package pdftex.def Info: ../figures/machine-learning-portfolio/colab.png  used on input line 614.
(pdftex.def)             Requested size: 6.99878pt x 7.0pt.
File: ../figures/machine-learning-portfolio/colab.png Graphic file (type png)
<use ../figures/machine-learning-portfolio/colab.png>
Package pdftex.def Info: ../figures/machine-learning-portfolio/colab.png  used on input line 620.
(pdftex.def)             Requested size: 6.99878pt x 7.0pt.
File: ../figures/machine-learning-portfolio/colab.png Graphic file (type png)
<use ../figures/machine-learning-portfolio/colab.png>
Package pdftex.def Info: ../figures/machine-learning-portfolio/colab.png  used on input line 634.
(pdftex.def)             Requested size: 6.99878pt x 7.0pt.
File: ../figures/machine-learning-portfolio/colab.png Graphic file (type png)
<use ../figures/machine-learning-portfolio/colab.png>
Package pdftex.def Info: ../figures/machine-learning-portfolio/colab.png  used on input line 643.
(pdftex.def)             Requested size: 6.99878pt x 7.0pt.
File: ../figures/machine-learning-portfolio/colab.png Graphic file (type png)
<use ../figures/machine-learning-portfolio/colab.png>
Package pdftex.def Info: ../figures/machine-learning-portfolio/colab.png  used on input line 649.
(pdftex.def)             Requested size: 6.99878pt x 7.0pt.
File: ../figures/machine-learning-portfolio/colab.png Graphic file (type png)
<use ../figures/machine-learning-portfolio/colab.png>
Package pdftex.def Info: ../figures/machine-learning-portfolio/colab.png  used on input line 655.
(pdftex.def)             Requested size: 6.99878pt x 7.0pt.
File: ../figures/machine-learning-portfolio/colab.png Graphic file (type png)
<use ../figures/machine-learning-portfolio/colab.png>
Package pdftex.def Info: ../figures/machine-learning-portfolio/colab.png  used on input line 661.
(pdftex.def)             Requested size: 6.99878pt x 7.0pt.
File: ../figures/machine-learning-portfolio/colab.png Graphic file (type png)
<use ../figures/machine-learning-portfolio/colab.png>
Package pdftex.def Info: ../figures/machine-learning-portfolio/colab.png  used on input line 667.
(pdftex.def)             Requested size: 6.99878pt x 7.0pt.
File: ../figures/machine-learning-portfolio/colab.png Graphic file (type png)
<use ../figures/machine-learning-portfolio/colab.png>
Package pdftex.def Info: ../figures/machine-learning-portfolio/colab.png  used on input line 675.
(pdftex.def)             Requested size: 6.99878pt x 7.0pt.
<../figures/machine-learning-portfolio/pdf.png, id=64, 225.84375pt x 225.84375pt>
File: ../figures/machine-learning-portfolio/pdf.png Graphic file (type png)
<use ../figures/machine-learning-portfolio/pdf.png>
Package pdftex.def Info: ../figures/machine-learning-portfolio/pdf.png  used on input line 722.
(pdftex.def)             Requested size: 6.99901pt x 7.0pt.
<../figures/machine-learning-portfolio/drive.png, id=67, 513.92pt x 513.92pt>
File: ../figures/machine-learning-portfolio/drive.png Graphic file (type png)
<use ../figures/machine-learning-portfolio/drive.png>
Package pdftex.def Info: ../figures/machine-learning-portfolio/drive.png  used on input line 727.
(pdftex.def)             Requested size: 6.99486pt x 7.0pt.
File: ../figures/machine-learning-portfolio/pdf.png Graphic file (type png)
<use ../figures/machine-learning-portfolio/pdf.png>
Package pdftex.def Info: ../figures/machine-learning-portfolio/pdf.png  used on input line 732.
(pdftex.def)             Requested size: 6.99901pt x 7.0pt.
File: ../figures/machine-learning-portfolio/drive.png Graphic file (type png)
<use ../figures/machine-learning-portfolio/drive.png>
Package pdftex.def Info: ../figures/machine-learning-portfolio/drive.png  used on input line 737.
(pdftex.def)             Requested size: 6.99486pt x 7.0pt.
File: ../figures/machine-learning-portfolio/pdf.png Graphic file (type png)
<use ../figures/machine-learning-portfolio/pdf.png>
Package pdftex.def Info: ../figures/machine-learning-portfolio/pdf.png  used on input line 742.
(pdftex.def)             Requested size: 6.99901pt x 7.0pt.
File: ../figures/machine-learning-portfolio/drive.png Graphic file (type png)
<use ../figures/machine-learning-portfolio/drive.png>
Package pdftex.def Info: ../figures/machine-learning-portfolio/drive.png  used on input line 747.
(pdftex.def)             Requested size: 6.99486pt x 7.0pt.
File: ../figures/machine-learning-portfolio/pdf.png Graphic file (type png)
<use ../figures/machine-learning-portfolio/pdf.png>
Package pdftex.def Info: ../figures/machine-learning-portfolio/pdf.png  used on input line 752.
(pdftex.def)             Requested size: 6.99901pt x 7.0pt.
File: ../figures/machine-learning-portfolio/drive.png Graphic file (type png)
<use ../figures/machine-learning-portfolio/drive.png>
Package pdftex.def Info: ../figures/machine-learning-portfolio/drive.png  used on input line 757.
(pdftex.def)             Requested size: 6.99486pt x 7.0pt.
File: ../figures/machine-learning-portfolio/pdf.png Graphic file (type png)
<use ../figures/machine-learning-portfolio/pdf.png>
Package pdftex.def Info: ../figures/machine-learning-portfolio/pdf.png  used on input line 762.
(pdftex.def)             Requested size: 6.99901pt x 7.0pt.
File: ../figures/machine-learning-portfolio/drive.png Graphic file (type png)
<use ../figures/machine-learning-portfolio/drive.png>
Package pdftex.def Info: ../figures/machine-learning-portfolio/drive.png  used on input line 767.
(pdftex.def)             Requested size: 6.99486pt x 7.0pt.
File: ../figures/machine-learning-portfolio/pdf.png Graphic file (type png)
<use ../figures/machine-learning-portfolio/pdf.png>
Package pdftex.def Info: ../figures/machine-learning-portfolio/pdf.png  used on input line 772.
(pdftex.def)             Requested size: 6.99901pt x 7.0pt.
File: ../figures/machine-learning-portfolio/drive.png Graphic file (type png)
<use ../figures/machine-learning-portfolio/drive.png>
Package pdftex.def Info: ../figures/machine-learning-portfolio/drive.png  used on input line 777.
(pdftex.def)             Requested size: 6.99486pt x 7.0pt.
File: ../figures/machine-learning-portfolio/pdf.png Graphic file (type png)
<use ../figures/machine-learning-portfolio/pdf.png>
Package pdftex.def Info: ../figures/machine-learning-portfolio/pdf.png  used on input line 782.
(pdftex.def)             Requested size: 6.99901pt x 7.0pt.
File: ../figures/machine-learning-portfolio/drive.png Graphic file (type png)
<use ../figures/machine-learning-portfolio/drive.png>
Package pdftex.def Info: ../figures/machine-learning-portfolio/drive.png  used on input line 787.
(pdftex.def)             Requested size: 6.99486pt x 7.0pt.
File: ../figures/machine-learning-portfolio/pdf.png Graphic file (type png)
<use ../figures/machine-learning-portfolio/pdf.png>
Package pdftex.def Info: ../figures/machine-learning-portfolio/pdf.png  used on input line 792.
(pdftex.def)             Requested size: 6.99901pt x 7.0pt.
File: ../figures/machine-learning-portfolio/drive.png Graphic file (type png)
<use ../figures/machine-learning-portfolio/drive.png>
Package pdftex.def Info: ../figures/machine-learning-portfolio/drive.png  used on input line 797.
(pdftex.def)             Requested size: 6.99486pt x 7.0pt.
File: ../figures/machine-learning-portfolio/pdf.png Graphic file (type png)
<use ../figures/machine-learning-portfolio/pdf.png>
Package pdftex.def Info: ../figures/machine-learning-portfolio/pdf.png  used on input line 802.
(pdftex.def)             Requested size: 6.99901pt x 7.0pt.
File: ../figures/machine-learning-portfolio/drive.png Graphic file (type png)
<use ../figures/machine-learning-portfolio/drive.png>
Package pdftex.def Info: ../figures/machine-learning-portfolio/drive.png  used on input line 807.
(pdftex.def)             Requested size: 6.99486pt x 7.0pt.
[1

 <../figures/education/Unicamp.png> <../figures/education/QMUL.png> <../figures/education/Cotuca.png> <../figures/machine-learning-portfolio/colab.png> <../figures/machine-learning-portfolio/pdf.png> <../figures/machine-learning-portfolio/drive.png> <../figures/profile.jpeg> <../figures/languages/en-US.png> <../figures/languages/pt-BR.png> <../figures/languages/it-IT.png> <../figures/languages/fr-FR.png> <../figures/languages/es-ES.jpg> <../figures/languages/jp-JP.jpg> <../figures/awards/medal_golden_red.png> <../figures/awards/medal_silver_blue.png> <../figures/awards/merit_2.png> <../figures/awards/merit.png>]
LaTeX Font Info:    External font `lmex10' loaded for size
(Font)              <8> on input line 839.
LaTeX Font Info:    External font `lmex10' loaded for size
(Font)              <6> on input line 839.
LaTeX Font Info:    Font shape `T1/ClearSans-TLF/m/n' in size <6> not available
(Font)              Font shape `T1/ClearSans-TLF/regular/n' tried instead on input line 839.
LaTeX Font Info:    Font shape `T1/ClearSans-TLF/regular/n' will be
(Font)              scaled to size 6.0pt on input line 839.
LaTeX Font Info:    Font shape `T1/ClearSans-TLF/m/n' in size <12> not available
(Font)              Font shape `T1/ClearSans-TLF/regular/n' tried instead on input line 839.
LaTeX Font Info:    Font shape `T1/ClearSans-TLF/regular/n' will be
(Font)              scaled to size 12.0pt on input line 839.


Package array Warning: Column L is already defined on input line 848.

<../figures/work/CNPEM.png, id=129, 523.4757pt x 158.7531pt>
File: ../figures/work/CNPEM.png Graphic file (type png)
<use ../figures/work/CNPEM.png>
Package pdftex.def Info: ../figures/work/CNPEM.png  used on input line 856.
(pdftex.def)             Requested size: 85.51509pt x 25.93434pt.

Underfull \hbox (badness 10000) in paragraph at lines 856--856
[]
 []


Overfull \hbox (11.42583pt too wide) in paragraph at lines 856--856
[] 
 []

<../figures/work/Unicamp.png, id=130, 481.8pt x 481.8pt>
File: ../figures/work/Unicamp.png Graphic file (type png)
<use ../figures/work/Unicamp.png>
Package pdftex.def Info: ../figures/work/Unicamp.png  used on input line 868.
(pdftex.def)             Requested size: 25.92932pt x 25.93434pt.

Underfull \hbox (badness 10000) in paragraph at lines 856--868

 []

<../figures/work/QMUL.png, id=131, 344.0052pt x 104.3097pt>
File: ../figures/work/QMUL.png Graphic file (type png)
<use ../figures/work/QMUL.png>
Package pdftex.def Info: ../figures/work/QMUL.png  used on input line 879.
(pdftex.def)             Requested size: 85.52866pt x 25.93434pt.

Underfull \hbox (badness 10000) in paragraph at lines 879--879
[]
 []


Overfull \hbox (11.43939pt too wide) in paragraph at lines 879--879
[] 
 []


Underfull \hbox (badness 10000) in paragraph at lines 868--879

 []

<../figures/work/CPqD.png, id=132, 251.7405pt x 121.4136pt>
File: ../figures/work/CPqD.png Graphic file (type png)
<use ../figures/work/CPqD.png>
Package pdftex.def Info: ../figures/work/CPqD.png  used on input line 891.
(pdftex.def)             Requested size: 53.76974pt x 25.93434pt.

Underfull \hbox (badness 10000) in paragraph at lines 879--891

 []

<../figures/work/Cotuca.png, id=133, 87.32625pt x 87.32625pt>
File: ../figures/work/Cotuca.png Graphic file (type png)
<use ../figures/work/Cotuca.png>
Package pdftex.def Info: ../figures/work/Cotuca.png  used on input line 902.
(pdftex.def)             Requested size: 25.93423pt x 25.93434pt.

Underfull \hbox (badness 10000) in paragraph at lines 891--902

 []

LaTeX Font Info:    Font shape `T1/ClearSans-TLF/m/it' in size <8> not available
(Font)              Font shape `T1/ClearSans-TLF/regular/it' tried instead on input line 913.
LaTeX Font Info:    Font shape `T1/ClearSans-TLF/regular/it' will be
(Font)              scaled to size 8.0pt on input line 913.

Overfull \hbox (47.6549pt too wide) in alignment at lines 908--923
[] [] 
 []


Underfull \hbox (badness 10000) in paragraph at lines 908--925

 []

LaTeX Font Info:    Font shape `T1/ClearSans-TLF/bx/n' in size <12> not available
(Font)              Font shape `T1/ClearSans-TLF/b/n' tried instead on input line 976.
LaTeX Font Info:    Font shape `T1/ClearSans-TLF/b/n' in size <12> not available
(Font)              Font shape `T1/ClearSans-TLF/bold/n' tried instead on input line 976.
LaTeX Font Info:    Font shape `T1/ClearSans-TLF/bold/n' will be
(Font)              scaled to size 12.0pt on input line 976.
[2 <../figures/work/CNPEM.png> <../figures/work/Unicamp.png> <../figures/work/QMUL.png> <../figures/work/CPqD.png> <../figures/work/Cotuca.png>]
Package atveryend Info: Empty hook `BeforeClearDocument' on input line 978.
Package atveryend Info: Empty hook `AfterLastShipout' on input line 978.
 (./Rafael_Ito.aux)
Package atveryend Info: Executing hook `AtVeryEndDocument' on input line 978.
Package atveryend Info: Executing hook `AtEndAfterFileList' on input line 978.
Package rerunfilecheck Info: File `Rafael_Ito.out' has not changed.
(rerunfilecheck)             Checksum: D41D8CD98F00B204E9800998ECF8427E;0.
 ) 
Here is how much of TeX's memory you used:
 35458 strings out of 492167
 655526 string characters out of 6131559
 818350 words of memory out of 5000000
 39203 multiletter control sequences out of 15000+600000
 676062 words of font info for 114 fonts, out of 8000000 for 9000
 1141 hyphenation exceptions out of 8191
 68i,17n,71p,797b,911s stack positions out of 5000i,500n,10000p,200000b,80000s
{/usr/share/texmf-dist/fonts/enc/dvips/lm/lm-mathsy.enc}{/usr/share/texmf-dist/fonts/enc/dvips/lm/lm-mathit.enc}{/usr/local/share/texmf/fonts/enc/dvips/clearsans/clr_zxbkm4.enc}{/usr/local/share/texmf/fonts/enc/dvips/fontawesome/fontawesomethree.enc}{/usr/local/share/texmf/fonts/enc/dvips/fontawesome/fontawesomeone.enc}{/usr/local/share/texmf/fonts/enc/dvips/clearsans/clr_nrghxx.enc}{/usr/local/share/texmf/fonts/enc/dvips/fontawesome/fontawesometwo.enc}</usr/local/share/texmf/fonts/type1/intel/clearsans/ClearSans-Bold.pfb></usr/local/share/texmf/fonts/type1/intel/clearsans/ClearSans-Italic.pfb></usr/local/share/texmf/fonts/type1/intel/clearsans/ClearSans-Regular.pfb></usr/local/share/texmf/fonts/type1/public/fontawesome/FontAwesome.pfb></usr/share/texmf-dist/fonts/type1/public/lm/lmbsy10.pfb></usr/share/texmf-dist/fonts/type1/public/lm/lmmi5.pfb></usr/share/texmf-dist/fonts/type1/public/lm/lmmi7.pfb></usr/share/texmf-dist/fonts/type1/public/lm/lmmi8.pfb></usr/share/texmf-dist/fonts/type1/public/lm/lmsy5.pfb></usr/share/texmf-dist/fonts/type1/public/lm/lmsy7.pfb></usr/share/texmf-dist/fonts/type1/public/lm/lmsy8.pfb>
Output written on Rafael_Ito.pdf (2 pages, 886285 bytes).
PDF statistics:
 194 PDF objects out of 1000 (max. 8388607)
 130 compressed objects within 2 object streams
 3 named destinations out of 1000 (max. 500000)
 18043 words of extra memory for PDF output out of 20736 (max. 10000000)

